[INFO] Scanning for projects...
[INFO]                                                                         
[INFO] ------------------------------------------------------------------------
[INFO] Building Actors 1.0-SNAPSHOT
[INFO] ------------------------------------------------------------------------
[INFO] 
[INFO] --- maven-clean-plugin:2.5:clean (default-clean) @ actors ---
[INFO] Deleting /home/andriy/Projects/com/github/plokhotnyuk/actors/target
[INFO] 
[INFO] --- maven-resources-plugin:2.6:resources (default-resources) @ actors ---
[INFO] Using 'UTF-8' encoding to copy filtered resources.
[INFO] skip non existing resourceDirectory /home/andriy/Projects/com/github/plokhotnyuk/actors/src/main/resources
[INFO] 
[INFO] --- maven-resources-plugin:2.6:testResources (default-testResources) @ actors ---
[INFO] Using 'UTF-8' encoding to copy filtered resources.
[INFO] skip non existing resourceDirectory /home/andriy/Projects/com/github/plokhotnyuk/actors/src/test/resources
[INFO] 
[INFO] --- scala-maven-plugin:3.2.2:testCompile (testCompile) @ actors ---
[WARNING]  Expected all dependencies to require Scala version: 2.11.8
[WARNING]  com.github.plokhotnyuk.actors:actors:1.0-SNAPSHOT requires scala version: 2.11.8
[WARNING]  com.propensive:rapture-core_2.11:2.0.0-M7 requires scala version: 2.11.8
[WARNING]  org.scala-lang:scala-compiler:2.11.8 requires scala version: 2.11.8
[WARNING]  org.scala-lang.modules:scala-xml_2.11:1.0.4 requires scala version: 2.11.4
[WARNING] Multiple versions of scala libraries detected!
[INFO] /home/andriy/Projects/com/github/plokhotnyuk/actors/src/test/scala:-1: info: compiling
[INFO] Compiling 17 source files to /home/andriy/Projects/com/github/plokhotnyuk/actors/target/test-classes at 1484954780059
[WARNING] /home/andriy/Projects/com/github/plokhotnyuk/actors/src/test/scala/com/github/plokhotnyuk/actors/ScalaActorSpec.scala:9: warning: trait SchedulerAdapter in package actors is deprecated: Use the akka.actor package instead. For migration from the scala.actors package refer to the Actors Migration Guide.
[WARNING]   val customScheduler = new SchedulerAdapter {
[WARNING]                             ^
[WARNING] /home/andriy/Projects/com/github/plokhotnyuk/actors/src/test/scala/com/github/plokhotnyuk/actors/ScalaActorSpec.scala:66: warning: trait Actor in package actors is deprecated: Use the akka.actor package instead. For migration from the scala.actors package refer to the Actors Migration Guide.
[WARNING]     footprintedAndTimedCollect(600000)(() => new Actor {
[WARNING]                                                  ^
[WARNING] /home/andriy/Projects/com/github/plokhotnyuk/actors/src/test/scala/com/github/plokhotnyuk/actors/ScalaActorSpec.scala:139: warning: trait Actor in package actors is deprecated: Use the akka.actor package instead. For migration from the scala.actors package refer to the Actors Migration Guide.
[WARNING]   private def pingLatencyActor(l: CountDownLatch, n: Int, h: LatencyHistogram): Actor =
[WARNING]                                                                                 ^
[WARNING] /home/andriy/Projects/com/github/plokhotnyuk/actors/src/test/scala/com/github/plokhotnyuk/actors/ScalaActorSpec.scala:140: warning: trait Actor in package actors is deprecated: Use the akka.actor package instead. For migration from the scala.actors package refer to the Actors Migration Guide.
[WARNING]     new Actor {
[WARNING]         ^
[WARNING] /home/andriy/Projects/com/github/plokhotnyuk/actors/src/test/scala/com/github/plokhotnyuk/actors/ScalaActorSpec.scala:155: warning: trait IScheduler in package actors is deprecated: Use the akka.actor package instead. For migration from the scala.actors package refer to the Actors Migration Guide.
[WARNING]       override def scheduler: IScheduler = customScheduler
[WARNING]                               ^
[WARNING] /home/andriy/Projects/com/github/plokhotnyuk/actors/src/test/scala/com/github/plokhotnyuk/actors/ScalaActorSpec.scala:169: warning: trait Actor in package actors is deprecated: Use the akka.actor package instead. For migration from the scala.actors package refer to the Actors Migration Guide.
[WARNING]   private def pingThroughputActor(l: CountDownLatch, n: Int): Actor =
[WARNING]                                                               ^
[WARNING] /home/andriy/Projects/com/github/plokhotnyuk/actors/src/test/scala/com/github/plokhotnyuk/actors/ScalaActorSpec.scala:170: warning: trait Actor in package actors is deprecated: Use the akka.actor package instead. For migration from the scala.actors package refer to the Actors Migration Guide.
[WARNING]     new Actor {
[WARNING]         ^
[WARNING] /home/andriy/Projects/com/github/plokhotnyuk/actors/src/test/scala/com/github/plokhotnyuk/actors/ScalaActorSpec.scala:184: warning: trait IScheduler in package actors is deprecated: Use the akka.actor package instead. For migration from the scala.actors package refer to the Actors Migration Guide.
[WARNING]       override def scheduler: IScheduler = customScheduler
[WARNING]                               ^
[WARNING] /home/andriy/Projects/com/github/plokhotnyuk/actors/src/test/scala/com/github/plokhotnyuk/actors/ScalaActorSpec.scala:187: warning: trait Actor in package actors is deprecated: Use the akka.actor package instead. For migration from the scala.actors package refer to the Actors Migration Guide.
[WARNING]   private def blockableCountActor(l1: CountDownLatch, l2: CountDownLatch, n: Int): Actor =
[WARNING]                                                                                    ^
[WARNING] /home/andriy/Projects/com/github/plokhotnyuk/actors/src/test/scala/com/github/plokhotnyuk/actors/ScalaActorSpec.scala:188: warning: trait Actor in package actors is deprecated: Use the akka.actor package instead. For migration from the scala.actors package refer to the Actors Migration Guide.
[WARNING]     new Actor {
[WARNING]         ^
[WARNING] /home/andriy/Projects/com/github/plokhotnyuk/actors/src/test/scala/com/github/plokhotnyuk/actors/ScalaActorSpec.scala:207: warning: trait IScheduler in package actors is deprecated: Use the akka.actor package instead. For migration from the scala.actors package refer to the Actors Migration Guide.
[WARNING]       override def scheduler: IScheduler = customScheduler
[WARNING]                               ^
[WARNING] /home/andriy/Projects/com/github/plokhotnyuk/actors/src/test/scala/com/github/plokhotnyuk/actors/ScalaActorSpec.scala:210: warning: trait Actor in package actors is deprecated: Use the akka.actor package instead. For migration from the scala.actors package refer to the Actors Migration Guide.
[WARNING]   private def countActor(l: CountDownLatch, n: Int): Actor =
[WARNING]                                                      ^
[WARNING] /home/andriy/Projects/com/github/plokhotnyuk/actors/src/test/scala/com/github/plokhotnyuk/actors/ScalaActorSpec.scala:211: warning: trait Actor in package actors is deprecated: Use the akka.actor package instead. For migration from the scala.actors package refer to the Actors Migration Guide.
[WARNING]     new Actor {
[WARNING]         ^
[WARNING] /home/andriy/Projects/com/github/plokhotnyuk/actors/src/test/scala/com/github/plokhotnyuk/actors/ScalaActorSpec.scala:224: warning: trait IScheduler in package actors is deprecated: Use the akka.actor package instead. For migration from the scala.actors package refer to the Actors Migration Guide.
[WARNING]       override def scheduler: IScheduler = customScheduler
[WARNING]                               ^
[WARNING] /home/andriy/Projects/com/github/plokhotnyuk/actors/src/test/scala/com/github/plokhotnyuk/actors/ScalaActorSpec.scala:227: warning: trait Actor in package actors is deprecated: Use the akka.actor package instead. For migration from the scala.actors package refer to the Actors Migration Guide.
[WARNING]   private def sendMessages(a: Actor, n: Int): Unit = {
[WARNING]                               ^
[WARNING] 15 warnings found
[INFO] prepare-compile in 0 s
[INFO] compile in 11 s
[INFO] ------------------------------------------------------------------------
[INFO] BUILD SUCCESS
[INFO] ------------------------------------------------------------------------
[INFO] Total time: 13.019 s
[INFO] Finished at: 2017-01-21T00:26:32+01:00
[INFO] Final Memory: 18M/2048M
[INFO] ------------------------------------------------------------------------
[INFO] Scanning for projects...
[INFO]                                                                         
[INFO] ------------------------------------------------------------------------
[INFO] Building Actors 1.0-SNAPSHOT
[INFO] ------------------------------------------------------------------------
[INFO] 
[INFO] --- maven-resources-plugin:2.6:resources (default-resources) @ actors ---
[INFO] Using 'UTF-8' encoding to copy filtered resources.
[INFO] skip non existing resourceDirectory /home/andriy/Projects/com/github/plokhotnyuk/actors/src/main/resources
[INFO] 
[INFO] --- maven-resources-plugin:2.6:testResources (default-testResources) @ actors ---
[INFO] Using 'UTF-8' encoding to copy filtered resources.
[INFO] skip non existing resourceDirectory /home/andriy/Projects/com/github/plokhotnyuk/actors/src/test/resources
[INFO] 
[INFO] --- scala-maven-plugin:3.2.2:testCompile (testCompile) @ actors ---
[WARNING]  Expected all dependencies to require Scala version: 2.11.8
[WARNING]  com.github.plokhotnyuk.actors:actors:1.0-SNAPSHOT requires scala version: 2.11.8
[WARNING]  com.propensive:rapture-core_2.11:2.0.0-M7 requires scala version: 2.11.8
[WARNING]  org.scala-lang:scala-compiler:2.11.8 requires scala version: 2.11.8
[WARNING]  org.scala-lang.modules:scala-xml_2.11:1.0.4 requires scala version: 2.11.4
[WARNING] Multiple versions of scala libraries detected!
[INFO] Nothing to compile - all classes are up to date
[INFO] 
[INFO] --- maven-surefire-plugin:2.19.1:test (default-test) @ actors ---

-------------------------------------------------------
 T E S T S
-------------------------------------------------------
Running com.github.plokhotnyuk.actors.AkkaBoundedActorSpec
Executor service type: akka-forkjoin-pool

Enqueueing:
10,000,000 ops
641,615,180 ns
15,585,666 ops/s
30.4 % of CPU usage
48 bytes per instance

Dequeueing:
10,000,000 ops
1,022,554,208 ns
9,779,432 ops/s
29.8 % of CPU usage

Initiation:
100,000 ops
971,106,768 ns
9,711 ns/op
88.3 % of CPU usage
609 bytes per instance

Single-producer sending:
6,000,000 ops
1,276,611,449 ns
4,699,942 ops/s
49.0 % of CPU usage

Multi-producer sending:
6,000,000 ops
1,102,797,485 ns
5,440,708 ops/s
48.1 % of CPU usage

Max throughput:
12,000,000 ops
801,349,053 ns
14,974,747 ops/s
95.8 % of CPU usage

Ping latency:
1,500,000 ops
698,651,467 ns
p(0.00000) =      294 ns/op
p(0.50000) =      453 ns/op
p(0.90000) =      487 ns/op
p(0.99000) =      583 ns/op
p(0.99900) =     2007 ns/op
p(0.99990) =     9087 ns/op
p(0.99999) =    39423 ns/op
p(1.00000) =   493567 ns/op
98.4 % of CPU usage

Ping throughput 10K:
2,000,000 ops
918,125,713 ns
2,178,350 ops/s
99.1 % of CPU usage

Overflow throughput:
5,000,000 ops
698,117,678 ns
7,162,116 ops/s
42.6 % of CPU usage
Tests run: 9, Failures: 0, Errors: 0, Skipped: 0, Time elapsed: 19.585 sec - in com.github.plokhotnyuk.actors.AkkaBoundedActorSpec
Running com.github.plokhotnyuk.actors.AkkaMCNonBlockingBoundedActorSpec
Executor service type: akka-forkjoin-pool

Enqueueing:
10,000,000 ops
288,072,960 ns
34,713,428 ops/s
31.2 % of CPU usage
48 bytes per instance

Dequeueing:
10,000,000 ops
813,356,399 ns
12,294,733 ops/s
30.1 % of CPU usage

Initiation:
100,000 ops
892,051,879 ns
8,920 ns/op
86.0 % of CPU usage
424 bytes per instance

Single-producer sending:
6,000,000 ops
663,979,139 ns
9,036,428 ops/s
45.2 % of CPU usage

Multi-producer sending:
6,000,000 ops
887,312,085 ns
6,761,995 ops/s
76.1 % of CPU usage

Max throughput:
12,000,000 ops
584,413,383 ns
20,533,410 ops/s
94.5 % of CPU usage

Ping latency:
1,500,000 ops
607,271,929 ns
p(0.00000) =      192 ns/op
p(0.50000) =      375 ns/op
p(0.90000) =      431 ns/op
p(0.99000) =      903 ns/op
p(0.99900) =     2431 ns/op
p(0.99990) =     8959 ns/op
p(0.99999) =    52991 ns/op
p(1.00000) =  2768895 ns/op
97.6 % of CPU usage

Ping throughput 10K:
2,000,000 ops
837,065,655 ns
2,389,298 ops/s
98.9 % of CPU usage

Overflow throughput:
5,000,000 ops
607,101,541 ns
8,235,854 ops/s
33.8 % of CPU usage
Tests run: 9, Failures: 0, Errors: 0, Skipped: 0, Time elapsed: 17.116 sec - in com.github.plokhotnyuk.actors.AkkaMCNonBlockingBoundedActorSpec
Running com.github.plokhotnyuk.actors.AkkaMCUnboundedActorSpec
Executor service type: akka-forkjoin-pool

Enqueueing:
10,000,000 ops
325,825,969 ns
30,691,230 ops/s
30.7 % of CPU usage
48 bytes per instance

Dequeueing:
10,000,000 ops
810,216,315 ns
12,342,382 ops/s
29.9 % of CPU usage

Initiation:
100,000 ops
966,560,614 ns
9,665 ns/op
90.3 % of CPU usage
424 bytes per instance

Single-producer sending:
6,000,000 ops
721,531,024 ns
8,315,650 ops/s
44.4 % of CPU usage

Multi-producer sending:
6,000,000 ops
676,823,246 ns
8,864,943 ops/s
54.3 % of CPU usage

Max throughput:
12,000,000 ops
647,759,161 ns
18,525,403 ops/s
90.3 % of CPU usage

Ping latency:
1,500,000 ops
569,596,051 ns
p(0.00000) =      190 ns/op
p(0.50000) =      363 ns/op
p(0.90000) =      391 ns/op
p(0.99000) =      627 ns/op
p(0.99900) =     2287 ns/op
p(0.99990) =     9727 ns/op
p(0.99999) =    51199 ns/op
p(1.00000) =   294911 ns/op
98.8 % of CPU usage

Ping throughput 10K:
2,000,000 ops
806,517,282 ns
2,479,798 ops/s
98.9 % of CPU usage
Tests run: 8, Failures: 0, Errors: 0, Skipped: 0, Time elapsed: 15.465 sec - in com.github.plokhotnyuk.actors.AkkaMCUnboundedActorSpec
Running com.github.plokhotnyuk.actors.AkkaSCONonBlockingBoundedActorSpec
Executor service type: akka-forkjoin-pool

Enqueueing:
10,000,000 ops
306,219,040 ns
32,656,362 ops/s
31.8 % of CPU usage
48 bytes per instance

Dequeueing:
10,000,000 ops
820,144,323 ns
12,192,975 ops/s
30.5 % of CPU usage

Initiation:
100,000 ops
879,076,396 ns
8,790 ns/op
92.1 % of CPU usage
424 bytes per instance

Single-producer sending:
6,000,000 ops
852,091,147 ns
7,041,500 ops/s
47.2 % of CPU usage

Multi-producer sending:
6,000,000 ops
1,038,634,143 ns
5,776,817 ops/s
72.2 % of CPU usage

Max throughput:
12,000,000 ops
656,827,302 ns
18,269,642 ops/s
92.5 % of CPU usage

Ping latency:
1,500,000 ops
611,267,949 ns
p(0.00000) =      220 ns/op
p(0.50000) =      393 ns/op
p(0.90000) =      425 ns/op
p(0.99000) =      523 ns/op
p(0.99900) =     1743 ns/op
p(0.99990) =     9407 ns/op
p(0.99999) =    44799 ns/op
p(1.00000) =  2441215 ns/op
97.7 % of CPU usage

Ping throughput 10K:
2,000,000 ops
740,916,214 ns
2,699,360 ops/s
98.9 % of CPU usage

Overflow throughput:
5,000,000 ops
482,291,727 ns
10,367,169 ops/s
36.3 % of CPU usage
Tests run: 9, Failures: 0, Errors: 0, Skipped: 0, Time elapsed: 16.694 sec - in com.github.plokhotnyuk.actors.AkkaSCONonBlockingBoundedActorSpec
Running com.github.plokhotnyuk.actors.AkkaSCOUnboundedActorSpec
Executor service type: akka-forkjoin-pool

Enqueueing:
10,000,000 ops
322,599,374 ns
30,998,200 ops/s
31.0 % of CPU usage
48 bytes per instance

Dequeueing:
10,000,000 ops
813,225,598 ns
12,296,710 ops/s
29.8 % of CPU usage

Initiation:
100,000 ops
951,648,072 ns
9,516 ns/op
89.1 % of CPU usage
424 bytes per instance

Single-producer sending:
6,000,000 ops
728,316,348 ns
8,238,178 ops/s
51.5 % of CPU usage

Multi-producer sending:
6,000,000 ops
725,968,348 ns
8,264,823 ops/s
51.7 % of CPU usage

Max throughput:
12,000,000 ops
558,666,528 ns
21,479,718 ops/s
96.2 % of CPU usage

Ping latency:
1,500,000 ops
590,603,085 ns
p(0.00000) =      245 ns/op
p(0.50000) =      373 ns/op
p(0.90000) =      411 ns/op
p(0.99000) =      747 ns/op
p(0.99900) =     1983 ns/op
p(0.99990) =     9855 ns/op
p(0.99999) =    54783 ns/op
p(1.00000) =   581631 ns/op
98.2 % of CPU usage

Ping throughput 10K:
2,000,000 ops
697,245,111 ns
2,868,431 ops/s
99.0 % of CPU usage
Tests run: 8, Failures: 0, Errors: 0, Skipped: 0, Time elapsed: 15.06 sec - in com.github.plokhotnyuk.actors.AkkaSCOUnboundedActorSpec
Running com.github.plokhotnyuk.actors.AkkaUnboundedActorSpec
Executor service type: akka-forkjoin-pool

Enqueueing:
10,000,000 ops
292,175,045 ns
34,226,057 ops/s
30.8 % of CPU usage
48 bytes per instance

Dequeueing:
10,000,000 ops
950,117,456 ns
10,525,014 ops/s
31.8 % of CPU usage

Initiation:
100,000 ops
944,939,148 ns
9,449 ns/op
88.4 % of CPU usage
424 bytes per instance

Single-producer sending:
6,000,000 ops
737,214,571 ns
8,138,743 ops/s
44.8 % of CPU usage

Multi-producer sending:
6,000,000 ops
914,458,288 ns
6,561,261 ops/s
70.0 % of CPU usage

Max throughput:
12,000,000 ops
672,839,422 ns
17,834,864 ops/s
93.6 % of CPU usage

Ping latency:
1,500,000 ops
635,941,123 ns
p(0.00000) =      199 ns/op
p(0.50000) =      401 ns/op
p(0.90000) =      439 ns/op
p(0.99000) =      827 ns/op
p(0.99900) =     2479 ns/op
p(0.99990) =     9471 ns/op
p(0.99999) =    40191 ns/op
p(1.00000) =   444415 ns/op
98.3 % of CPU usage

Ping throughput 10K:
2,000,000 ops
792,461,623 ns
2,523,781 ops/s
98.7 % of CPU usage
Tests run: 8, Failures: 0, Errors: 0, Skipped: 0, Time elapsed: 16.073 sec - in com.github.plokhotnyuk.actors.AkkaUnboundedActorSpec
Running com.github.plokhotnyuk.actors.LiftActorSpec
Executor service type: akka-forkjoin-pool

Enqueueing:
10,000,000 ops
381,678,389 ns
26,200,068 ops/s
27.5 % of CPU usage
24 bytes per instance

Dequeueing:
10,000,000 ops
413,766,195 ns
24,168,238 ops/s
29.6 % of CPU usage

Initiation:
10,000,000 ops
672,535,247 ns
67 ns/op
32.7 % of CPU usage
72 bytes per instance

Single-producer sending:
6,000,000 ops
818,906,313 ns
7,326,845 ops/s
57.4 % of CPU usage

Multi-producer sending:
6,000,000 ops
567,853,838 ns
10,566,099 ops/s
53.7 % of CPU usage

Max throughput:
12,000,000 ops
460,008,886 ns
26,086,452 ops/s
93.5 % of CPU usage

Ping latency:
1,500,000 ops
1,392,234,024 ns
p(0.00000) =      442 ns/op
p(0.50000) =      791 ns/op
p(0.90000) =      999 ns/op
p(0.99000) =     3615 ns/op
p(0.99900) =    13887 ns/op
p(0.99990) =    47103 ns/op
p(0.99999) =   121343 ns/op
p(1.00000) =  4292607 ns/op
98.2 % of CPU usage

Ping throughput 10K:
2,000,000 ops
742,650,337 ns
2,693,057 ops/s
97.6 % of CPU usage
Tests run: 8, Failures: 0, Errors: 0, Skipped: 0, Time elapsed: 14.604 sec - in com.github.plokhotnyuk.actors.LiftActorSpec
Running com.github.plokhotnyuk.actors.MinimalistActorSpec
Executor service type: akka-forkjoin-pool

Enqueueing:
40,000,000 ops
632,298,398 ns
63,261,270 ops/s
25.3 % of CPU usage
24 bytes per instance

Dequeueing:
40,000,000 ops
253,913,477 ns
157,533,977 ops/s
63.0 % of CPU usage

Initiation:
2,000,000 ops
464,835,104 ns
232 ns/op
100.0 % of CPU usage
27 bytes per instance

Single-producer sending:
15,000,000 ops
238,340,328 ns
62,935,215 ops/s
59.8 % of CPU usage

Multi-producer sending:
15,000,000 ops
332,112,407 ns
45,165,430 ops/s
95.6 % of CPU usage

Max throughput:
30,000,000 ops
299,569,559 ns
100,143,686 ops/s
98.5 % of CPU usage

Ping latency:
3,000,000 ops
838,205,573 ns
p(0.00000) =      112 ns/op
p(0.50000) =      248 ns/op
p(0.90000) =      313 ns/op
p(0.99000) =      887 ns/op
p(0.99900) =     2191 ns/op
p(0.99990) =     4639 ns/op
p(0.99999) =    30975 ns/op
p(1.00000) = 12058623 ns/op
99.0 % of CPU usage

Ping throughput 10K:
6,000,000 ops
1,907,275,404 ns
3,145,848 ops/s
99.7 % of CPU usage
Tests run: 8, Failures: 0, Errors: 0, Skipped: 0, Time elapsed: 13.203 sec - in com.github.plokhotnyuk.actors.MinimalistActorSpec
Running com.github.plokhotnyuk.actors.RaptorActorSpec
Executor service type: akka-forkjoin-pool

Enqueueing:
4,000,000 ops
340,340,544 ns
11,752,934 ops/s
33.1 % of CPU usage
152 bytes per instance

Dequeueing:
1,000,000 ops
313,534,318 ns
3,189,443 ops/s
98.1 % of CPU usage

Initiation:
2,000,000 ops
81,881,774 ns
40 ns/op
48.9 % of CPU usage
80 bytes per instance

Single-producer sending:
1,500,000 ops
487,779,243 ns
3,075,161 ops/s
98.9 % of CPU usage

Max throughput:
2,000,000 ops
410,430,579 ns
4,872,931 ops/s
98.1 % of CPU usage

Ping latency:
2,000,000 ops
732,000,892 ns
p(0.00000) =      234 ns/op
p(0.50000) =      343 ns/op
p(0.90000) =      385 ns/op
p(0.99000) =      579 ns/op
p(0.99900) =     2559 ns/op
p(0.99990) =    11135 ns/op
p(0.99999) =    74239 ns/op
p(1.00000) =  1925119 ns/op
98.7 % of CPU usage

Ping throughput 10K:
2,000,000 ops
486,925,193 ns
4,107,407 ops/s
99.1 % of CPU usage
Tests run: 7, Failures: 0, Errors: 0, Skipped: 0, Time elapsed: 10.963 sec - in com.github.plokhotnyuk.actors.RaptorActorSpec
Running com.github.plokhotnyuk.actors.ScalaActorSpec
Executor service type: akka-forkjoin-pool

Enqueueing:
20,000,000 ops
874,840,698 ns
22,861,304 ops/s
26.6 % of CPU usage
24 bytes per instance

Dequeueing:
300,000 ops
552,296,199 ns
543,186 ops/s
98.2 % of CPU usage

Initiation:
600,000 ops
730,121,043 ns
1,216 ns/op
96.6 % of CPU usage
224 bytes per instance

Single-producer sending:
300,000 ops
661,886,537 ns
453,249 ops/s
99.3 % of CPU usage

Multi-producer sending:
300,000 ops
488,633,561 ns
613,957 ops/s
97.2 % of CPU usage

Max throughput:
600,000 ops
475,310,806 ns
1,262,331 ops/s
98.4 % of CPU usage

Ping latency:
250,000 ops
632,426,813 ns
p(0.00000) =      920 ns/op
p(0.50000) =     1703 ns/op
p(0.90000) =     4191 ns/op
p(0.99000) =    12863 ns/op
p(0.99900) =    43519 ns/op
p(0.99990) =   101887 ns/op
p(0.99999) =   436223 ns/op
p(1.00000) =  7471103 ns/op
98.8 % of CPU usage

Ping throughput 10K:
400,000 ops
786,991,305 ns
508,264 ops/s
98.8 % of CPU usage
Tests run: 8, Failures: 0, Errors: 0, Skipped: 0, Time elapsed: 11.39 sec - in com.github.plokhotnyuk.actors.ScalaActorSpec
Running com.github.plokhotnyuk.actors.ScalazActorSpec
Executor service type: akka-forkjoin-pool

Enqueueing:
40,000,000 ops
784,434,424 ns
50,992,152 ops/s
25.5 % of CPU usage
24 bytes per instance

Dequeueing:
40,000,000 ops
252,061,295 ns
158,691,559 ops/s
51.6 % of CPU usage

Initiation:
10,000,000 ops
295,126,057 ns
29 ns/op
43.2 % of CPU usage
88 bytes per instance

Single-producer sending:
15,000,000 ops
260,749,577 ns
57,526,459 ops/s
95.9 % of CPU usage

Multi-producer sending:
15,000,000 ops
457,340,270 ns
32,798,336 ops/s
96.8 % of CPU usage

Max throughput:
30,000,000 ops
415,994,271 ns
72,116,377 ops/s
98.0 % of CPU usage

Ping latency:
3,000,000 ops
942,563,676 ns
p(0.00000) =       98 ns/op
p(0.50000) =      269 ns/op
p(0.90000) =      327 ns/op
p(0.99000) =     1159 ns/op
p(0.99900) =     2511 ns/op
p(0.99990) =     7039 ns/op
p(0.99999) =   117759 ns/op
p(1.00000) = 12058623 ns/op
98.9 % of CPU usage

Ping throughput 10K:
6,000,000 ops
2,051,570,428 ns
2,924,588 ops/s
99.8 % of CPU usage
Tests run: 8, Failures: 0, Errors: 0, Skipped: 0, Time elapsed: 17.194 sec - in com.github.plokhotnyuk.actors.ScalazActorSpec

Results :

Tests run: 90, Failures: 0, Errors: 0, Skipped: 0

[INFO] ------------------------------------------------------------------------
[INFO] BUILD SUCCESS
[INFO] ------------------------------------------------------------------------
[INFO] Total time: 02:59 min
[INFO] Finished at: 2017-01-21T00:29:32+01:00
[INFO] Final Memory: 10M/2048M
[INFO] ------------------------------------------------------------------------
[INFO] Scanning for projects...
[INFO]                                                                         
[INFO] ------------------------------------------------------------------------
[INFO] Building Actors 1.0-SNAPSHOT
[INFO] ------------------------------------------------------------------------
[INFO] 
[INFO] --- maven-resources-plugin:2.6:resources (default-resources) @ actors ---
[INFO] Using 'UTF-8' encoding to copy filtered resources.
[INFO] skip non existing resourceDirectory /home/andriy/Projects/com/github/plokhotnyuk/actors/src/main/resources
[INFO] 
[INFO] --- maven-resources-plugin:2.6:testResources (default-testResources) @ actors ---
[INFO] Using 'UTF-8' encoding to copy filtered resources.
[INFO] skip non existing resourceDirectory /home/andriy/Projects/com/github/plokhotnyuk/actors/src/test/resources
[INFO] 
[INFO] --- scala-maven-plugin:3.2.2:testCompile (testCompile) @ actors ---
[WARNING]  Expected all dependencies to require Scala version: 2.11.8
[WARNING]  com.github.plokhotnyuk.actors:actors:1.0-SNAPSHOT requires scala version: 2.11.8
[WARNING]  com.propensive:rapture-core_2.11:2.0.0-M7 requires scala version: 2.11.8
[WARNING]  org.scala-lang:scala-compiler:2.11.8 requires scala version: 2.11.8
[WARNING]  org.scala-lang.modules:scala-xml_2.11:1.0.4 requires scala version: 2.11.4
[WARNING] Multiple versions of scala libraries detected!
[INFO] Nothing to compile - all classes are up to date
[INFO] 
[INFO] --- maven-surefire-plugin:2.19.1:test (default-test) @ actors ---

-------------------------------------------------------
 T E S T S
-------------------------------------------------------
Running com.github.plokhotnyuk.actors.AkkaBoundedActorSpec
Executor service type: scala-forkjoin-pool

Enqueueing:
10,000,000 ops
643,003,774 ns
15,552,008 ops/s
31.5 % of CPU usage
48 bytes per instance

Dequeueing:
10,000,000 ops
1,018,688,219 ns
9,816,546 ops/s
29.2 % of CPU usage

Initiation:
100,000 ops
914,802,418 ns
9,148 ns/op
88.3 % of CPU usage
609 bytes per instance

Single-producer sending:
6,000,000 ops
907,975,964 ns
6,608,104 ops/s
48.5 % of CPU usage

Multi-producer sending:
6,000,000 ops
1,076,826,403 ns
5,571,928 ops/s
51.5 % of CPU usage

Max throughput:
12,000,000 ops
791,613,083 ns
15,158,920 ops/s
93.8 % of CPU usage

Ping latency:
1,500,000 ops
698,070,258 ns
p(0.00000) =      225 ns/op
p(0.50000) =      451 ns/op
p(0.90000) =      485 ns/op
p(0.99000) =      595 ns/op
p(0.99900) =     1735 ns/op
p(0.99990) =     8831 ns/op
p(0.99999) =    61183 ns/op
p(1.00000) =   802815 ns/op
98.5 % of CPU usage

Ping throughput 10K:
2,000,000 ops
994,292,228 ns
2,011,481 ops/s
99.1 % of CPU usage

Overflow throughput:
5,000,000 ops
854,092,651 ns
5,854,165 ops/s
37.5 % of CPU usage
Tests run: 9, Failures: 0, Errors: 0, Skipped: 0, Time elapsed: 19.252 sec - in com.github.plokhotnyuk.actors.AkkaBoundedActorSpec
Running com.github.plokhotnyuk.actors.AkkaMCNonBlockingBoundedActorSpec
Executor service type: scala-forkjoin-pool

Enqueueing:
10,000,000 ops
324,883,041 ns
30,780,307 ops/s
30.0 % of CPU usage
48 bytes per instance

Dequeueing:
10,000,000 ops
801,684,170 ns
12,473,740 ops/s
29.9 % of CPU usage

Initiation:
100,000 ops
935,091,401 ns
9,350 ns/op
90.6 % of CPU usage
424 bytes per instance

Single-producer sending:
6,000,000 ops
668,248,805 ns
8,978,691 ops/s
44.1 % of CPU usage

Multi-producer sending:
6,000,000 ops
940,924,159 ns
6,376,709 ops/s
70.7 % of CPU usage

Max throughput:
12,000,000 ops
658,080,578 ns
18,234,849 ops/s
94.6 % of CPU usage

Ping latency:
1,500,000 ops
581,922,158 ns
p(0.00000) =      192 ns/op
p(0.50000) =      371 ns/op
p(0.90000) =      403 ns/op
p(0.99000) =      507 ns/op
p(0.99900) =     2623 ns/op
p(0.99990) =     9727 ns/op
p(0.99999) =    41471 ns/op
p(1.00000) =  2359295 ns/op
98.4 % of CPU usage

Ping throughput 10K:
2,000,000 ops
694,177,117 ns
2,881,109 ops/s
99.0 % of CPU usage

Overflow throughput:
5,000,000 ops
538,819,876 ns
9,279,538 ops/s
40.4 % of CPU usage
Tests run: 9, Failures: 0, Errors: 0, Skipped: 0, Time elapsed: 17.021 sec - in com.github.plokhotnyuk.actors.AkkaMCNonBlockingBoundedActorSpec
Running com.github.plokhotnyuk.actors.AkkaMCUnboundedActorSpec
Executor service type: scala-forkjoin-pool

Enqueueing:
10,000,000 ops
362,064,188 ns
27,619,412 ops/s
31.8 % of CPU usage
48 bytes per instance

Dequeueing:
10,000,000 ops
816,588,575 ns
12,246,068 ops/s
30.6 % of CPU usage

Initiation:
100,000 ops
874,552,923 ns
8,745 ns/op
92.3 % of CPU usage
425 bytes per instance

Single-producer sending:
6,000,000 ops
608,556,865 ns
9,859,390 ops/s
41.9 % of CPU usage

Multi-producer sending:
6,000,000 ops
700,087,951 ns
8,570,351 ops/s
49.3 % of CPU usage

Max throughput:
12,000,000 ops
551,218,240 ns
21,769,961 ops/s
95.7 % of CPU usage

Ping latency:
1,500,000 ops
573,171,166 ns
p(0.00000) =      184 ns/op
p(0.50000) =      369 ns/op
p(0.90000) =      397 ns/op
p(0.99000) =      479 ns/op
p(0.99900) =     2575 ns/op
p(0.99990) =     9151 ns/op
p(0.99999) =    38143 ns/op
p(1.00000) =   125439 ns/op
98.6 % of CPU usage

Ping throughput 10K:
2,000,000 ops
866,350,058 ns
2,308,535 ops/s
99.0 % of CPU usage
Tests run: 8, Failures: 0, Errors: 0, Skipped: 0, Time elapsed: 15.522 sec - in com.github.plokhotnyuk.actors.AkkaMCUnboundedActorSpec
Running com.github.plokhotnyuk.actors.AkkaSCONonBlockingBoundedActorSpec
Executor service type: scala-forkjoin-pool

Enqueueing:
10,000,000 ops
318,032,622 ns
31,443,315 ops/s
40.1 % of CPU usage
48 bytes per instance

Dequeueing:
10,000,000 ops
818,412,816 ns
12,218,772 ops/s
30.2 % of CPU usage

Initiation:
100,000 ops
943,960,560 ns
9,439 ns/op
86.6 % of CPU usage
424 bytes per instance

Single-producer sending:
6,000,000 ops
677,565,046 ns
8,855,238 ops/s
43.2 % of CPU usage

Multi-producer sending:
6,000,000 ops
1,026,423,088 ns
5,845,542 ops/s
70.1 % of CPU usage

Max throughput:
12,000,000 ops
620,061,023 ns
19,352,933 ops/s
96.0 % of CPU usage

Ping latency:
1,500,000 ops
592,351,139 ns
p(0.00000) =      192 ns/op
p(0.50000) =      373 ns/op
p(0.90000) =      401 ns/op
p(0.99000) =      683 ns/op
p(0.99900) =     2895 ns/op
p(0.99990) =    10687 ns/op
p(0.99999) =    68607 ns/op
p(1.00000) =  3063807 ns/op
98.3 % of CPU usage

Ping throughput 10K:
2,000,000 ops
683,934,032 ns
2,924,258 ops/s
99.4 % of CPU usage

Overflow throughput:
5,000,000 ops
545,701,128 ns
9,162,524 ops/s
39.4 % of CPU usage
Tests run: 9, Failures: 0, Errors: 0, Skipped: 0, Time elapsed: 16.72 sec - in com.github.plokhotnyuk.actors.AkkaSCONonBlockingBoundedActorSpec
Running com.github.plokhotnyuk.actors.AkkaSCOUnboundedActorSpec
Executor service type: scala-forkjoin-pool

Enqueueing:
10,000,000 ops
315,579,078 ns
31,687,778 ops/s
30.9 % of CPU usage
48 bytes per instance

Dequeueing:
10,000,000 ops
841,577,756 ns
11,882,443 ops/s
30.9 % of CPU usage

Initiation:
100,000 ops
907,805,845 ns
9,078 ns/op
90.1 % of CPU usage
424 bytes per instance

Single-producer sending:
6,000,000 ops
756,271,191 ns
7,933,661 ops/s
49.6 % of CPU usage

Multi-producer sending:
6,000,000 ops
687,093,192 ns
8,732,439 ops/s
54.2 % of CPU usage

Max throughput:
12,000,000 ops
571,852,882 ns
20,984,418 ops/s
96.2 % of CPU usage

Ping latency:
1,500,000 ops
558,780,773 ns
p(0.00000) =      185 ns/op
p(0.50000) =      359 ns/op
p(0.90000) =      389 ns/op
p(0.99000) =      443 ns/op
p(0.99900) =     2143 ns/op
p(0.99990) =     8959 ns/op
p(0.99999) =    49663 ns/op
p(1.00000) =   712703 ns/op
98.0 % of CPU usage

Ping throughput 10K:
2,000,000 ops
831,616,248 ns
2,404,955 ops/s
98.0 % of CPU usage
Tests run: 8, Failures: 0, Errors: 0, Skipped: 0, Time elapsed: 15.444 sec - in com.github.plokhotnyuk.actors.AkkaSCOUnboundedActorSpec
Running com.github.plokhotnyuk.actors.AkkaUnboundedActorSpec
Executor service type: scala-forkjoin-pool

Enqueueing:
10,000,000 ops
295,070,387 ns
33,890,218 ops/s
31.3 % of CPU usage
48 bytes per instance

Dequeueing:
10,000,000 ops
957,750,683 ns
10,441,130 ops/s
30.3 % of CPU usage

Initiation:
100,000 ops
937,338,328 ns
9,373 ns/op
88.0 % of CPU usage
424 bytes per instance

Single-producer sending:
6,000,000 ops
794,616,640 ns
7,550,810 ops/s
46.6 % of CPU usage

Multi-producer sending:
6,000,000 ops
870,197,403 ns
6,894,987 ops/s
68.4 % of CPU usage

Max throughput:
12,000,000 ops
652,914,758 ns
18,379,122 ops/s
93.8 % of CPU usage

Ping latency:
1,500,000 ops
633,600,075 ns
p(0.00000) =      192 ns/op
p(0.50000) =      399 ns/op
p(0.90000) =      441 ns/op
p(0.99000) =      815 ns/op
p(0.99900) =     1959 ns/op
p(0.99990) =    11263 ns/op
p(0.99999) =    70655 ns/op
p(1.00000) =  1236991 ns/op
97.1 % of CPU usage

Ping throughput 10K:
2,000,000 ops
803,644,873 ns
2,488,661 ops/s
98.9 % of CPU usage
Tests run: 8, Failures: 0, Errors: 0, Skipped: 0, Time elapsed: 15.944 sec - in com.github.plokhotnyuk.actors.AkkaUnboundedActorSpec
Running com.github.plokhotnyuk.actors.LiftActorSpec
Executor service type: scala-forkjoin-pool

Enqueueing:
10,000,000 ops
398,798,177 ns
25,075,340 ops/s
27.0 % of CPU usage
24 bytes per instance

Dequeueing:
10,000,000 ops
584,658,480 ns
17,104,002 ops/s
31.6 % of CPU usage

Initiation:
10,000,000 ops
698,967,514 ns
69 ns/op
32.9 % of CPU usage
72 bytes per instance

Single-producer sending:
6,000,000 ops
813,619,364 ns
7,374,455 ops/s
59.0 % of CPU usage

Multi-producer sending:
6,000,000 ops
568,852,089 ns
10,547,557 ops/s
51.0 % of CPU usage

Max throughput:
12,000,000 ops
540,465,119 ns
22,203,097 ops/s
93.9 % of CPU usage

Ping latency:
1,500,000 ops
1,148,559,831 ns
p(0.00000) =      368 ns/op
p(0.50000) =      679 ns/op
p(0.90000) =      823 ns/op
p(0.99000) =     2159 ns/op
p(0.99900) =     8383 ns/op
p(0.99990) =    30335 ns/op
p(0.99999) =   156671 ns/op
p(1.00000) =  4046847 ns/op
97.7 % of CPU usage

Ping throughput 10K:
2,000,000 ops
653,303,614 ns
3,061,363 ops/s
98.0 % of CPU usage
Tests run: 8, Failures: 0, Errors: 0, Skipped: 0, Time elapsed: 15.623 sec - in com.github.plokhotnyuk.actors.LiftActorSpec
Running com.github.plokhotnyuk.actors.MinimalistActorSpec
Executor service type: scala-forkjoin-pool

Enqueueing:
40,000,000 ops
633,271,203 ns
63,164,091 ops/s
25.3 % of CPU usage
24 bytes per instance

Dequeueing:
40,000,000 ops
270,527,818 ns
147,859,101 ops/s
56.4 % of CPU usage

Initiation:
2,000,000 ops
463,685,418 ns
231 ns/op
99.7 % of CPU usage
29 bytes per instance

Single-producer sending:
15,000,000 ops
233,059,638 ns
64,361,208 ops/s
60.1 % of CPU usage

Multi-producer sending:
15,000,000 ops
296,839,936 ns
50,532,284 ops/s
96.0 % of CPU usage

Max throughput:
30,000,000 ops
258,302,378 ns
116,142,949 ops/s
96.8 % of CPU usage

Ping latency:
3,000,000 ops
665,200,856 ns
p(0.00000) =       61 ns/op
p(0.50000) =      194 ns/op
p(0.90000) =      331 ns/op
p(0.99000) =      493 ns/op
p(0.99900) =     1011 ns/op
p(0.99990) =     4895 ns/op
p(0.99999) =    36351 ns/op
p(1.00000) =   798719 ns/op
98.8 % of CPU usage

Ping throughput 10K:
6,000,000 ops
837,547,887 ns
7,163,769 ops/s
99.1 % of CPU usage
Tests run: 8, Failures: 0, Errors: 0, Skipped: 0, Time elapsed: 11.898 sec - in com.github.plokhotnyuk.actors.MinimalistActorSpec
Running com.github.plokhotnyuk.actors.RaptorActorSpec
Executor service type: scala-forkjoin-pool

Enqueueing:
4,000,000 ops
410,184,380 ns
9,751,712 ops/s
31.1 % of CPU usage
152 bytes per instance

Dequeueing:
1,000,000 ops
297,642,977 ns
3,359,729 ops/s
99.1 % of CPU usage

Initiation:
2,000,000 ops
76,922,546 ns
38 ns/op
52.0 % of CPU usage
80 bytes per instance

Single-producer sending:
1,500,000 ops
483,005,831 ns
3,105,552 ops/s
98.9 % of CPU usage

Max throughput:
2,000,000 ops
511,405,577 ns
3,910,790 ops/s
98.3 % of CPU usage

Ping latency:
2,000,000 ops
848,697,184 ns
p(0.00000) =      247 ns/op
p(0.50000) =      403 ns/op
p(0.90000) =      455 ns/op
p(0.99000) =      871 ns/op
p(0.99900) =     2863 ns/op
p(0.99990) =    12095 ns/op
p(0.99999) =    59903 ns/op
p(1.00000) =   211967 ns/op
98.7 % of CPU usage

Ping throughput 10K:
2,000,000 ops
489,059,225 ns
4,089,484 ops/s
98.7 % of CPU usage
Tests run: 7, Failures: 0, Errors: 0, Skipped: 0, Time elapsed: 11.465 sec - in com.github.plokhotnyuk.actors.RaptorActorSpec
Running com.github.plokhotnyuk.actors.ScalaActorSpec
Executor service type: scala-forkjoin-pool

Enqueueing:
20,000,000 ops
776,817,484 ns
25,746,073 ops/s
26.1 % of CPU usage
24 bytes per instance

Dequeueing:
300,000 ops
680,978,030 ns
440,542 ops/s
96.2 % of CPU usage

Initiation:
600,000 ops
695,614,033 ns
1,159 ns/op
95.6 % of CPU usage
224 bytes per instance

Single-producer sending:
300,000 ops
654,202,846 ns
458,573 ops/s
98.6 % of CPU usage

Multi-producer sending:
300,000 ops
496,996,997 ns
603,625 ops/s
97.6 % of CPU usage

Max throughput:
600,000 ops
586,361,789 ns
1,023,259 ops/s
98.9 % of CPU usage

Ping latency:
250,000 ops
722,914,456 ns
p(0.00000) =      900 ns/op
p(0.50000) =     1879 ns/op
p(0.90000) =     5375 ns/op
p(0.99000) =    14719 ns/op
p(0.99900) =    30335 ns/op
p(0.99990) =    83455 ns/op
p(0.99999) =   229375 ns/op
p(1.00000) =   284671 ns/op
98.9 % of CPU usage

Ping throughput 10K:
400,000 ops
697,853,425 ns
573,186 ops/s
98.9 % of CPU usage
Tests run: 8, Failures: 0, Errors: 0, Skipped: 0, Time elapsed: 11.429 sec - in com.github.plokhotnyuk.actors.ScalaActorSpec
Running com.github.plokhotnyuk.actors.ScalazActorSpec
Executor service type: scala-forkjoin-pool

Enqueueing:
40,000,000 ops
633,321,011 ns
63,159,123 ops/s
25.7 % of CPU usage
24 bytes per instance

Dequeueing:
40,000,000 ops
247,566,652 ns
161,572,649 ops/s
53.5 % of CPU usage

Initiation:
10,000,000 ops
295,114,478 ns
29 ns/op
43.2 % of CPU usage
88 bytes per instance

Single-producer sending:
15,000,000 ops
278,337,250 ns
53,891,457 ops/s
95.2 % of CPU usage

Multi-producer sending:
15,000,000 ops
491,842,555 ns
30,497,564 ops/s
92.0 % of CPU usage

Max throughput:
30,000,000 ops
403,935,891 ns
74,269,211 ops/s
94.1 % of CPU usage

Ping latency:
3,000,000 ops
827,898,111 ns
p(0.00000) =       88 ns/op
p(0.50000) =      245 ns/op
p(0.90000) =      295 ns/op
p(0.99000) =      963 ns/op
p(0.99900) =     2207 ns/op
p(0.99990) =     8319 ns/op
p(0.99999) =    31871 ns/op
p(1.00000) = 12451839 ns/op
99.3 % of CPU usage

Ping throughput 10K:
6,000,000 ops
1,916,963,709 ns
3,129,949 ops/s
99.6 % of CPU usage
Tests run: 8, Failures: 0, Errors: 0, Skipped: 0, Time elapsed: 16.655 sec - in com.github.plokhotnyuk.actors.ScalazActorSpec

Results :

Tests run: 90, Failures: 0, Errors: 0, Skipped: 0

[INFO] ------------------------------------------------------------------------
[INFO] BUILD SUCCESS
[INFO] ------------------------------------------------------------------------
[INFO] Total time: 02:58 min
[INFO] Finished at: 2017-01-21T00:32:32+01:00
[INFO] Final Memory: 10M/2048M
[INFO] ------------------------------------------------------------------------
[INFO] Scanning for projects...
[INFO]                                                                         
[INFO] ------------------------------------------------------------------------
[INFO] Building Actors 1.0-SNAPSHOT
[INFO] ------------------------------------------------------------------------
[INFO] 
[INFO] --- maven-resources-plugin:2.6:resources (default-resources) @ actors ---
[INFO] Using 'UTF-8' encoding to copy filtered resources.
[INFO] skip non existing resourceDirectory /home/andriy/Projects/com/github/plokhotnyuk/actors/src/main/resources
[INFO] 
[INFO] --- maven-resources-plugin:2.6:testResources (default-testResources) @ actors ---
[INFO] Using 'UTF-8' encoding to copy filtered resources.
[INFO] skip non existing resourceDirectory /home/andriy/Projects/com/github/plokhotnyuk/actors/src/test/resources
[INFO] 
[INFO] --- scala-maven-plugin:3.2.2:testCompile (testCompile) @ actors ---
[WARNING]  Expected all dependencies to require Scala version: 2.11.8
[WARNING]  com.github.plokhotnyuk.actors:actors:1.0-SNAPSHOT requires scala version: 2.11.8
[WARNING]  com.propensive:rapture-core_2.11:2.0.0-M7 requires scala version: 2.11.8
[WARNING]  org.scala-lang:scala-compiler:2.11.8 requires scala version: 2.11.8
[WARNING]  org.scala-lang.modules:scala-xml_2.11:1.0.4 requires scala version: 2.11.4
[WARNING] Multiple versions of scala libraries detected!
[INFO] Nothing to compile - all classes are up to date
[INFO] 
[INFO] --- maven-surefire-plugin:2.19.1:test (default-test) @ actors ---

-------------------------------------------------------
 T E S T S
-------------------------------------------------------
Running com.github.plokhotnyuk.actors.AkkaBoundedActorSpec
Executor service type: java-forkjoin-pool

Enqueueing:
10,000,000 ops
531,765,483 ns
18,805,282 ops/s
31.0 % of CPU usage
48 bytes per instance

Dequeueing:
10,000,000 ops
1,018,080,814 ns
9,822,402 ops/s
29.5 % of CPU usage

Initiation:
100,000 ops
953,560,690 ns
9,535 ns/op
74.5 % of CPU usage
608 bytes per instance

Single-producer sending:
6,000,000 ops
1,021,392,927 ns
5,874,330 ops/s
45.0 % of CPU usage

Multi-producer sending:
6,000,000 ops
1,149,614,148 ns
5,219,142 ops/s
51.1 % of CPU usage

Max throughput:
12,000,000 ops
857,404,380 ns
13,995,729 ops/s
96.2 % of CPU usage

Ping latency:
1,500,000 ops
1,899,896,315 ns
p(0.00000) =      230 ns/op
p(0.50000) =     1167 ns/op
p(0.90000) =     2047 ns/op
p(0.99000) =     2735 ns/op
p(0.99900) =     5279 ns/op
p(0.99990) =    11583 ns/op
p(0.99999) =    42239 ns/op
p(1.00000) =   123903 ns/op
64.9 % of CPU usage

Ping throughput 10K:
2,000,000 ops
995,246,681 ns
2,009,552 ops/s
98.7 % of CPU usage

Overflow throughput:
5,000,000 ops
566,112,498 ns
8,832,166 ops/s
33.1 % of CPU usage
Tests run: 9, Failures: 0, Errors: 0, Skipped: 0, Time elapsed: 20.449 sec - in com.github.plokhotnyuk.actors.AkkaBoundedActorSpec
Running com.github.plokhotnyuk.actors.AkkaMCNonBlockingBoundedActorSpec
Executor service type: java-forkjoin-pool

Enqueueing:
10,000,000 ops
332,616,963 ns
30,064,612 ops/s
30.8 % of CPU usage
48 bytes per instance

Dequeueing:
10,000,000 ops
836,961,997 ns
11,947,973 ops/s
30.8 % of CPU usage

Initiation:
100,000 ops
1,046,810,316 ns
10,468 ns/op
72.8 % of CPU usage
445 bytes per instance

Single-producer sending:
6,000,000 ops
829,947,440 ns
7,229,373 ops/s
47.0 % of CPU usage

Multi-producer sending:
6,000,000 ops
940,425,632 ns
6,380,089 ops/s
72.8 % of CPU usage

Max throughput:
12,000,000 ops
638,753,554 ns
18,786,588 ops/s
92.8 % of CPU usage

Ping latency:
1,500,000 ops
1,755,187,985 ns
p(0.00000) =      189 ns/op
p(0.50000) =     1071 ns/op
p(0.90000) =     1927 ns/op
p(0.99000) =     2623 ns/op
p(0.99900) =     4287 ns/op
p(0.99990) =     9599 ns/op
p(0.99999) =    29951 ns/op
p(1.00000) =   466943 ns/op
65.5 % of CPU usage

Ping throughput 10K:
2,000,000 ops
899,805,365 ns
2,222,702 ops/s
98.9 % of CPU usage

Overflow throughput:
5,000,000 ops
618,625,912 ns
8,082,428 ops/s
37.6 % of CPU usage
Tests run: 9, Failures: 0, Errors: 0, Skipped: 0, Time elapsed: 18.483 sec - in com.github.plokhotnyuk.actors.AkkaMCNonBlockingBoundedActorSpec
Running com.github.plokhotnyuk.actors.AkkaMCUnboundedActorSpec
Executor service type: java-forkjoin-pool

Enqueueing:
10,000,000 ops
281,318,962 ns
35,546,839 ops/s
28.4 % of CPU usage
48 bytes per instance

Dequeueing:
10,000,000 ops
826,673,719 ns
12,096,670 ops/s
30.5 % of CPU usage

Initiation:
100,000 ops
1,015,477,950 ns
10,154 ns/op
73.4 % of CPU usage
424 bytes per instance

Single-producer sending:
6,000,000 ops
693,292,127 ns
8,654,360 ops/s
42.2 % of CPU usage

Multi-producer sending:
6,000,000 ops
705,038,632 ns
8,510,171 ops/s
53.5 % of CPU usage

Max throughput:
12,000,000 ops
579,310,903 ns
20,714,265 ops/s
97.1 % of CPU usage

Ping latency:
1,500,000 ops
1,765,844,704 ns
p(0.00000) =      199 ns/op
p(0.50000) =     1055 ns/op
p(0.90000) =     1975 ns/op
p(0.99000) =     2703 ns/op
p(0.99900) =     5471 ns/op
p(0.99990) =    13247 ns/op
p(0.99999) =    82431 ns/op
p(1.00000) =  1654783 ns/op
66.1 % of CPU usage

Ping throughput 10K:
2,000,000 ops
832,725,454 ns
2,401,751 ops/s
99.4 % of CPU usage
Tests run: 8, Failures: 0, Errors: 0, Skipped: 0, Time elapsed: 16.662 sec - in com.github.plokhotnyuk.actors.AkkaMCUnboundedActorSpec
Running com.github.plokhotnyuk.actors.AkkaSCONonBlockingBoundedActorSpec
Executor service type: java-forkjoin-pool

Enqueueing:
10,000,000 ops
348,644,609 ns
28,682,502 ops/s
29.4 % of CPU usage
48 bytes per instance

Dequeueing:
10,000,000 ops
839,244,571 ns
11,915,477 ops/s
30.1 % of CPU usage

Initiation:
100,000 ops
935,972,707 ns
9,359 ns/op
71.9 % of CPU usage
424 bytes per instance

Single-producer sending:
6,000,000 ops
813,393,533 ns
7,376,503 ops/s
45.5 % of CPU usage

Multi-producer sending:
6,000,000 ops
937,858,105 ns
6,397,556 ops/s
74.4 % of CPU usage

Max throughput:
12,000,000 ops
692,632,673 ns
17,325,200 ops/s
95.6 % of CPU usage

Ping latency:
1,500,000 ops
1,788,746,973 ns
p(0.00000) =      193 ns/op
p(0.50000) =     1095 ns/op
p(0.90000) =     1967 ns/op
p(0.99000) =     2687 ns/op
p(0.99900) =     5119 ns/op
p(0.99990) =    10879 ns/op
p(0.99999) =    55039 ns/op
p(1.00000) =  3014655 ns/op
65.5 % of CPU usage

Ping throughput 10K:
2,000,000 ops
809,577,275 ns
2,470,425 ops/s
98.8 % of CPU usage

Overflow throughput:
5,000,000 ops
514,950,781 ns
9,709,665 ops/s
35.9 % of CPU usage
Tests run: 9, Failures: 0, Errors: 0, Skipped: 0, Time elapsed: 18.369 sec - in com.github.plokhotnyuk.actors.AkkaSCONonBlockingBoundedActorSpec
Running com.github.plokhotnyuk.actors.AkkaSCOUnboundedActorSpec
Executor service type: java-forkjoin-pool

Enqueueing:
10,000,000 ops
286,905,512 ns
34,854,680 ops/s
32.2 % of CPU usage
48 bytes per instance

Dequeueing:
10,000,000 ops
969,458,205 ns
10,315,039 ops/s
30.9 % of CPU usage

Initiation:
100,000 ops
962,804,944 ns
9,628 ns/op
77.6 % of CPU usage
424 bytes per instance

Single-producer sending:
6,000,000 ops
746,589,288 ns
8,036,547 ops/s
44.5 % of CPU usage

Multi-producer sending:
6,000,000 ops
721,914,959 ns
8,311,228 ops/s
49.9 % of CPU usage

Max throughput:
12,000,000 ops
584,306,914 ns
20,537,152 ops/s
94.6 % of CPU usage

Ping latency:
1,500,000 ops
1,802,653,310 ns
p(0.00000) =      193 ns/op
p(0.50000) =     1095 ns/op
p(0.90000) =     2007 ns/op
p(0.99000) =     2799 ns/op
p(0.99900) =     6047 ns/op
p(0.99990) =    14271 ns/op
p(0.99999) =    61439 ns/op
p(1.00000) =  1220607 ns/op
66.2 % of CPU usage

Ping throughput 10K:
2,000,000 ops
791,228,874 ns
2,527,713 ops/s
99.2 % of CPU usage
Tests run: 8, Failures: 0, Errors: 0, Skipped: 0, Time elapsed: 17.443 sec - in com.github.plokhotnyuk.actors.AkkaSCOUnboundedActorSpec
Running com.github.plokhotnyuk.actors.AkkaUnboundedActorSpec
Executor service type: java-forkjoin-pool

Enqueueing:
10,000,000 ops
298,195,835 ns
33,535,008 ops/s
32.7 % of CPU usage
48 bytes per instance

Dequeueing:
10,000,000 ops
934,558,951 ns
10,700,234 ops/s
32.4 % of CPU usage

Initiation:
100,000 ops
1,045,263,164 ns
10,452 ns/op
72.7 % of CPU usage
424 bytes per instance

Single-producer sending:
6,000,000 ops
766,890,921 ns
7,823,798 ops/s
46.3 % of CPU usage

Multi-producer sending:
6,000,000 ops
957,231,268 ns
6,268,077 ops/s
65.8 % of CPU usage

Max throughput:
12,000,000 ops
653,956,240 ns
18,349,851 ops/s
95.2 % of CPU usage

Ping latency:
1,500,000 ops
1,880,895,260 ns
p(0.00000) =      210 ns/op
p(0.50000) =     1127 ns/op
p(0.90000) =     2063 ns/op
p(0.99000) =     2751 ns/op
p(0.99900) =     4959 ns/op
p(0.99990) =    10367 ns/op
p(0.99999) =    39167 ns/op
p(1.00000) =  5472255 ns/op
63.9 % of CPU usage

Ping throughput 10K:
2,000,000 ops
821,455,025 ns
2,434,704 ops/s
99.2 % of CPU usage
Tests run: 8, Failures: 0, Errors: 0, Skipped: 0, Time elapsed: 17.297 sec - in com.github.plokhotnyuk.actors.AkkaUnboundedActorSpec
Running com.github.plokhotnyuk.actors.LiftActorSpec
Executor service type: java-forkjoin-pool

Enqueueing:
10,000,000 ops
396,975,081 ns
25,190,498 ops/s
27.1 % of CPU usage
24 bytes per instance

Dequeueing:
10,000,000 ops
431,440,749 ns
23,178,153 ops/s
30.1 % of CPU usage

Initiation:
10,000,000 ops
673,943,309 ns
67 ns/op
32.6 % of CPU usage
72 bytes per instance

Single-producer sending:
6,000,000 ops
497,074,315 ns
12,070,629 ops/s
52.8 % of CPU usage

Multi-producer sending:
6,000,000 ops
649,561,611 ns
9,236,999 ops/s
58.5 % of CPU usage

Max throughput:
12,000,000 ops
484,937,114 ns
24,745,476 ops/s
95.9 % of CPU usage

Ping latency:
1,500,000 ops
2,782,474,861 ns
p(0.00000) =      382 ns/op
p(0.50000) =     1751 ns/op
p(0.90000) =     2799 ns/op
p(0.99000) =     4255 ns/op
p(0.99900) =    12159 ns/op
p(0.99990) =    35583 ns/op
p(0.99999) =   117759 ns/op
p(1.00000) =  3719167 ns/op
60.1 % of CPU usage

Ping throughput 10K:
2,000,000 ops
637,335,206 ns
3,138,066 ops/s
98.8 % of CPU usage
Tests run: 8, Failures: 0, Errors: 0, Skipped: 0, Time elapsed: 15.764 sec - in com.github.plokhotnyuk.actors.LiftActorSpec
Running com.github.plokhotnyuk.actors.MinimalistActorSpec
Executor service type: java-forkjoin-pool

Enqueueing:
40,000,000 ops
632,734,296 ns
63,217,689 ops/s
25.3 % of CPU usage
24 bytes per instance

Dequeueing:
40,000,000 ops
190,462,202 ns
210,015,423 ops/s
43.3 % of CPU usage

Initiation:
2,000,000 ops
392,525,880 ns
196 ns/op
98.7 % of CPU usage
30 bytes per instance

Single-producer sending:
15,000,000 ops
258,958,426 ns
57,924,355 ops/s
60.8 % of CPU usage

Multi-producer sending:
15,000,000 ops
332,131,582 ns
45,162,823 ops/s
95.6 % of CPU usage

Max throughput:
30,000,000 ops
283,325,446 ns
105,885,300 ops/s
95.3 % of CPU usage

Ping latency:
3,000,000 ops
2,732,388,220 ns
p(0.00000) =       78 ns/op
p(0.50000) =      863 ns/op
p(0.90000) =     1415 ns/op
p(0.99000) =     2271 ns/op
p(0.99900) =     3631 ns/op
p(0.99990) =    11647 ns/op
p(0.99999) =    51967 ns/op
p(1.00000) =  9371647 ns/op
99.1 % of CPU usage

Ping throughput 10K:
6,000,000 ops
3,143,211,509 ns
1,908,875 ops/s
99.7 % of CPU usage
Tests run: 8, Failures: 0, Errors: 0, Skipped: 0, Time elapsed: 16.223 sec - in com.github.plokhotnyuk.actors.MinimalistActorSpec
Running com.github.plokhotnyuk.actors.RaptorActorSpec
Executor service type: java-forkjoin-pool

Enqueueing:
4,000,000 ops
340,335,766 ns
11,753,099 ops/s
33.1 % of CPU usage
152 bytes per instance

Dequeueing:
1,000,000 ops
652,849,828 ns
1,531,745 ops/s
78.5 % of CPU usage

Initiation:
2,000,000 ops
72,040,489 ns
36 ns/op
48.6 % of CPU usage
80 bytes per instance

Single-producer sending:
1,500,000 ops
1,057,223,642 ns
1,418,810 ops/s
79.7 % of CPU usage

Max throughput:
2,000,000 ops
395,387,058 ns
5,058,334 ops/s
97.4 % of CPU usage

Ping latency:
2,000,000 ops
2,284,396,042 ns
p(0.00000) =      216 ns/op
p(0.50000) =      915 ns/op
p(0.90000) =     2447 ns/op
p(0.99000) =     3375 ns/op
p(0.99900) =     4607 ns/op
p(0.99990) =    11007 ns/op
p(0.99999) =    48383 ns/op
p(1.00000) =   688127 ns/op
67.4 % of CPU usage

Ping throughput 10K:
2,000,000 ops
395,700,603 ns
5,054,326 ops/s
98.6 % of CPU usage
Tests run: 7, Failures: 0, Errors: 0, Skipped: 0, Time elapsed: 14.387 sec - in com.github.plokhotnyuk.actors.RaptorActorSpec
Running com.github.plokhotnyuk.actors.ScalaActorSpec
Executor service type: java-forkjoin-pool

Enqueueing:
20,000,000 ops
697,837,856 ns
28,659,952 ops/s
26.9 % of CPU usage
24 bytes per instance

Dequeueing:
300,000 ops
1,305,032,582 ns
229,879 ops/s
75.5 % of CPU usage

Initiation:
600,000 ops
1,124,911,232 ns
1,874 ns/op
90.9 % of CPU usage
224 bytes per instance

Single-producer sending:
300,000 ops
1,345,796,834 ns
222,916 ops/s
76.7 % of CPU usage

Multi-producer sending:
300,000 ops
1,260,174,016 ns
238,062 ops/s
71.0 % of CPU usage

Max throughput:
600,000 ops
590,855,871 ns
1,015,476 ops/s
98.6 % of CPU usage

Ping latency:
250,000 ops
1,431,092,069 ns
p(0.00000) =     1072 ns/op
p(0.50000) =     4895 ns/op
p(0.90000) =     8319 ns/op
p(0.99000) =    13759 ns/op
p(0.99900) =    35071 ns/op
p(0.99990) =    86527 ns/op
p(0.99999) =  1753087 ns/op
p(1.00000) =  4980735 ns/op
78.4 % of CPU usage

Ping throughput 10K:
400,000 ops
693,668,020 ns
576,644 ops/s
98.8 % of CPU usage
Tests run: 8, Failures: 0, Errors: 0, Skipped: 0, Time elapsed: 14.518 sec - in com.github.plokhotnyuk.actors.ScalaActorSpec
Running com.github.plokhotnyuk.actors.ScalazActorSpec
Executor service type: java-forkjoin-pool

Enqueueing:
40,000,000 ops
630,377,487 ns
63,454,042 ops/s
25.4 % of CPU usage
24 bytes per instance

Dequeueing:
40,000,000 ops
207,087,885 ns
193,154,708 ops/s
43.5 % of CPU usage

Initiation:
10,000,000 ops
296,374,072 ns
29 ns/op
43.0 % of CPU usage
88 bytes per instance

Single-producer sending:
15,000,000 ops
279,134,919 ns
53,737,454 ops/s
84.2 % of CPU usage

Multi-producer sending:
15,000,000 ops
467,776,661 ns
32,066,584 ops/s
91.9 % of CPU usage

Max throughput:
30,000,000 ops
383,371,348 ns
78,253,109 ops/s
91.9 % of CPU usage

Ping latency:
3,000,000 ops
1,166,558,379 ns
p(0.00000) =       78 ns/op
p(0.50000) =      293 ns/op
p(0.90000) =      627 ns/op
p(0.99000) =     1271 ns/op
p(0.99900) =     3119 ns/op
p(0.99990) =     9791 ns/op
p(0.99999) =    48895 ns/op
p(1.00000) = 11206655 ns/op
97.9 % of CPU usage

Ping throughput 10K:
6,000,000 ops
1,578,069,121 ns
3,802,114 ops/s
99.5 % of CPU usage
Tests run: 8, Failures: 0, Errors: 0, Skipped: 0, Time elapsed: 16.623 sec - in com.github.plokhotnyuk.actors.ScalazActorSpec

Results :

Tests run: 90, Failures: 0, Errors: 0, Skipped: 0

[INFO] ------------------------------------------------------------------------
[INFO] BUILD SUCCESS
[INFO] ------------------------------------------------------------------------
[INFO] Total time: 03:17 min
[INFO] Finished at: 2017-01-21T00:35:51+01:00
[INFO] Final Memory: 10M/2048M
[INFO] ------------------------------------------------------------------------
[INFO] Scanning for projects...
[INFO]                                                                         
[INFO] ------------------------------------------------------------------------
[INFO] Building Actors 1.0-SNAPSHOT
[INFO] ------------------------------------------------------------------------
[INFO] 
[INFO] --- maven-resources-plugin:2.6:resources (default-resources) @ actors ---
[INFO] Using 'UTF-8' encoding to copy filtered resources.
[INFO] skip non existing resourceDirectory /home/andriy/Projects/com/github/plokhotnyuk/actors/src/main/resources
[INFO] 
[INFO] --- maven-resources-plugin:2.6:testResources (default-testResources) @ actors ---
[INFO] Using 'UTF-8' encoding to copy filtered resources.
[INFO] skip non existing resourceDirectory /home/andriy/Projects/com/github/plokhotnyuk/actors/src/test/resources
[INFO] 
[INFO] --- scala-maven-plugin:3.2.2:testCompile (testCompile) @ actors ---
[WARNING]  Expected all dependencies to require Scala version: 2.11.8
[WARNING]  com.github.plokhotnyuk.actors:actors:1.0-SNAPSHOT requires scala version: 2.11.8
[WARNING]  com.propensive:rapture-core_2.11:2.0.0-M7 requires scala version: 2.11.8
[WARNING]  org.scala-lang:scala-compiler:2.11.8 requires scala version: 2.11.8
[WARNING]  org.scala-lang.modules:scala-xml_2.11:1.0.4 requires scala version: 2.11.4
[WARNING] Multiple versions of scala libraries detected!
[INFO] Nothing to compile - all classes are up to date
[INFO] 
[INFO] --- maven-surefire-plugin:2.19.1:test (default-test) @ actors ---

-------------------------------------------------------
 T E S T S
-------------------------------------------------------
Running com.github.plokhotnyuk.actors.AkkaBoundedActorSpec
Executor service type: abq-thread-pool

Enqueueing:
10,000,000 ops
542,004,204 ns
18,450,041 ops/s
31.8 % of CPU usage
48 bytes per instance

Dequeueing:
10,000,000 ops
1,074,175,681 ns
9,309,464 ops/s
28.9 % of CPU usage

Initiation:
100,000 ops
951,672,373 ns
9,516 ns/op
76.2 % of CPU usage
608 bytes per instance

Single-producer sending:
6,000,000 ops
1,204,347,697 ns
4,981,949 ops/s
50.9 % of CPU usage

Multi-producer sending:
6,000,000 ops
1,018,374,623 ns
5,891,741 ops/s
45.4 % of CPU usage

Max throughput:
12,000,000 ops
894,790,227 ns
13,410,964 ops/s
95.3 % of CPU usage

Ping latency:
1,500,000 ops
3,046,900,584 ns
p(0.00000) =      302 ns/op
p(0.50000) =      413 ns/op
p(0.90000) =    11583 ns/op
p(0.99000) =    12031 ns/op
p(0.99900) =    12927 ns/op
p(0.99990) =    18815 ns/op
p(0.99999) =    59647 ns/op
p(1.00000) =   974847 ns/op
37.1 % of CPU usage

Ping throughput 10K:
2,000,000 ops
1,776,120,702 ns
1,126,049 ops/s
78.7 % of CPU usage

Overflow throughput:
5,000,000 ops
573,501,026 ns
8,718,380 ops/s
34.4 % of CPU usage
Tests run: 9, Failures: 0, Errors: 0, Skipped: 0, Time elapsed: 22.368 sec - in com.github.plokhotnyuk.actors.AkkaBoundedActorSpec
Running com.github.plokhotnyuk.actors.AkkaMCNonBlockingBoundedActorSpec
Executor service type: abq-thread-pool

Enqueueing:
10,000,000 ops
342,003,961 ns
29,239,427 ops/s
34.4 % of CPU usage
48 bytes per instance

Dequeueing:
10,000,000 ops
850,449,865 ns
11,758,482 ops/s
30.3 % of CPU usage

Initiation:
100,000 ops
1,032,276,961 ns
10,322 ns/op
80.4 % of CPU usage
424 bytes per instance

Single-producer sending:
6,000,000 ops
732,346,584 ns
8,192,842 ops/s
48.1 % of CPU usage

Multi-producer sending:
6,000,000 ops
978,676,900 ns
6,130,726 ops/s
73.1 % of CPU usage

Max throughput:
12,000,000 ops
562,594,715 ns
21,329,741 ops/s
96.9 % of CPU usage

Ping latency:
1,500,000 ops
1,048,332,173 ns
p(0.00000) =      239 ns/op
p(0.50000) =      267 ns/op
p(0.90000) =      457 ns/op
p(0.99000) =    11775 ns/op
p(0.99900) =    13183 ns/op
p(0.99990) =    29183 ns/op
p(0.99999) =   288767 ns/op
p(1.00000) =  5373951 ns/op
37.9 % of CPU usage

Ping throughput 10K:
2,000,000 ops
1,911,680,694 ns
1,046,199 ops/s
71.1 % of CPU usage

Overflow throughput:
5,000,000 ops
688,766,959 ns
7,259,349 ops/s
50.1 % of CPU usage
Tests run: 9, Failures: 0, Errors: 0, Skipped: 0, Time elapsed: 19.486 sec - in com.github.plokhotnyuk.actors.AkkaMCNonBlockingBoundedActorSpec
Running com.github.plokhotnyuk.actors.AkkaMCUnboundedActorSpec
Executor service type: abq-thread-pool

Enqueueing:
10,000,000 ops
454,861,611 ns
21,984,708 ops/s
46.7 % of CPU usage
48 bytes per instance

Dequeueing:
10,000,000 ops
846,623,652 ns
11,811,623 ops/s
29.8 % of CPU usage

Initiation:
100,000 ops
980,014,368 ns
9,800 ns/op
76.5 % of CPU usage
424 bytes per instance

Single-producer sending:
6,000,000 ops
718,961,381 ns
8,345,371 ops/s
43.8 % of CPU usage

Multi-producer sending:
6,000,000 ops
708,367,158 ns
8,470,183 ops/s
50.8 % of CPU usage

Max throughput:
12,000,000 ops
541,920,867 ns
22,143,454 ops/s
96.9 % of CPU usage

Ping latency:
1,500,000 ops
2,293,196,941 ns
p(0.00000) =      234 ns/op
p(0.50000) =      291 ns/op
p(0.90000) =    11135 ns/op
p(0.99000) =    11775 ns/op
p(0.99900) =    12799 ns/op
p(0.99990) =    20351 ns/op
p(0.99999) =    83455 ns/op
p(1.00000) =  1835007 ns/op
36.8 % of CPU usage

Ping throughput 10K:
2,000,000 ops
1,559,330,001 ns
1,282,602 ops/s
75.7 % of CPU usage
Tests run: 8, Failures: 0, Errors: 0, Skipped: 0, Time elapsed: 18.685 sec - in com.github.plokhotnyuk.actors.AkkaMCUnboundedActorSpec
Running com.github.plokhotnyuk.actors.AkkaSCONonBlockingBoundedActorSpec
Executor service type: abq-thread-pool

Enqueueing:
10,000,000 ops
341,856,679 ns
29,252,024 ops/s
31.4 % of CPU usage
48 bytes per instance

Dequeueing:
10,000,000 ops
847,268,426 ns
11,802,635 ops/s
31.0 % of CPU usage

Initiation:
100,000 ops
1,030,857,575 ns
10,308 ns/op
88.5 % of CPU usage
424 bytes per instance

Single-producer sending:
6,000,000 ops
778,084,294 ns
7,711,246 ops/s
44.3 % of CPU usage

Multi-producer sending:
6,000,000 ops
1,023,965,605 ns
5,859,571 ops/s
72.8 % of CPU usage

Max throughput:
12,000,000 ops
566,141,638 ns
21,196,109 ops/s
94.1 % of CPU usage

Ping latency:
1,500,000 ops
2,269,287,680 ns
p(0.00000) =      245 ns/op
p(0.50000) =      301 ns/op
p(0.90000) =    10943 ns/op
p(0.99000) =    11647 ns/op
p(0.99900) =    12351 ns/op
p(0.99990) =    18303 ns/op
p(0.99999) =    66047 ns/op
p(1.00000) =   284671 ns/op
37.2 % of CPU usage

Ping throughput 10K:
2,000,000 ops
1,672,201,582 ns
1,196,028 ops/s
72.5 % of CPU usage

Overflow throughput:
5,000,000 ops
554,678,065 ns
9,014,237 ops/s
37.9 % of CPU usage
Tests run: 9, Failures: 0, Errors: 0, Skipped: 0, Time elapsed: 19.701 sec - in com.github.plokhotnyuk.actors.AkkaSCONonBlockingBoundedActorSpec
Running com.github.plokhotnyuk.actors.AkkaSCOUnboundedActorSpec
Executor service type: abq-thread-pool

Enqueueing:
10,000,000 ops
307,317,543 ns
32,539,632 ops/s
29.3 % of CPU usage
48 bytes per instance

Dequeueing:
10,000,000 ops
828,931,016 ns
12,063,730 ops/s
29.3 % of CPU usage

Initiation:
100,000 ops
961,594,866 ns
9,615 ns/op
77.0 % of CPU usage
424 bytes per instance

Single-producer sending:
6,000,000 ops
707,338,940 ns
8,482,496 ops/s
44.5 % of CPU usage

Multi-producer sending:
6,000,000 ops
683,318,823 ns
8,780,674 ops/s
51.2 % of CPU usage

Max throughput:
12,000,000 ops
515,812,438 ns
23,264,270 ops/s
96.0 % of CPU usage

Ping latency:
1,500,000 ops
2,668,997,431 ns
p(0.00000) =      242 ns/op
p(0.50000) =      319 ns/op
p(0.90000) =    11327 ns/op
p(0.99000) =    11839 ns/op
p(0.99900) =    12799 ns/op
p(0.99990) =    18815 ns/op
p(0.99999) =    55295 ns/op
p(1.00000) =  1712127 ns/op
37.3 % of CPU usage

Ping throughput 10K:
2,000,000 ops
1,675,363,750 ns
1,193,770 ops/s
72.8 % of CPU usage
Tests run: 8, Failures: 0, Errors: 0, Skipped: 0, Time elapsed: 18.288 sec - in com.github.plokhotnyuk.actors.AkkaSCOUnboundedActorSpec
Running com.github.plokhotnyuk.actors.AkkaUnboundedActorSpec
Executor service type: abq-thread-pool

Enqueueing:
10,000,000 ops
288,966,312 ns
34,606,110 ops/s
31.1 % of CPU usage
48 bytes per instance

Dequeueing:
10,000,000 ops
1,101,372,540 ns
9,079,579 ops/s
29.5 % of CPU usage

Initiation:
100,000 ops
1,041,495,054 ns
10,414 ns/op
82.3 % of CPU usage
424 bytes per instance

Single-producer sending:
6,000,000 ops
777,983,816 ns
7,712,242 ops/s
40.2 % of CPU usage

Multi-producer sending:
6,000,000 ops
911,860,757 ns
6,579,951 ops/s
61.1 % of CPU usage

Max throughput:
12,000,000 ops
624,948,160 ns
19,201,592 ops/s
97.2 % of CPU usage

Ping latency:
1,500,000 ops
2,440,922,533 ns
p(0.00000) =      262 ns/op
p(0.50000) =      377 ns/op
p(0.90000) =    11135 ns/op
p(0.99000) =    11839 ns/op
p(0.99900) =    12735 ns/op
p(0.99990) =    20223 ns/op
p(0.99999) =    81919 ns/op
p(1.00000) =  4063231 ns/op
38.0 % of CPU usage

Ping throughput 10K:
2,000,000 ops
1,777,295,476 ns
1,125,305 ops/s
72.0 % of CPU usage
Tests run: 8, Failures: 0, Errors: 0, Skipped: 0, Time elapsed: 19.699 sec - in com.github.plokhotnyuk.actors.AkkaUnboundedActorSpec
Running com.github.plokhotnyuk.actors.LiftActorSpec
Executor service type: abq-thread-pool

Enqueueing:
10,000,000 ops
394,903,723 ns
25,322,627 ops/s
27.2 % of CPU usage
24 bytes per instance

Dequeueing:
10,000,000 ops
401,756,729 ns
24,890,684 ops/s
29.9 % of CPU usage

Initiation:
10,000,000 ops
665,487,782 ns
66 ns/op
32.7 % of CPU usage
72 bytes per instance

Single-producer sending:
6,000,000 ops
808,517,895 ns
7,420,986 ops/s
57.5 % of CPU usage

Multi-producer sending:
6,000,000 ops
600,885,385 ns
9,985,265 ops/s
53.3 % of CPU usage

Max throughput:
12,000,000 ops
481,065,287 ns
24,944,639 ops/s
95.6 % of CPU usage

Ping latency:
1,500,000 ops
2,646,597,608 ns
p(0.00000) =      430 ns/op
p(0.50000) =      875 ns/op
p(0.90000) =     3631 ns/op
p(0.99000) =    13119 ns/op
p(0.99900) =    16895 ns/op
p(0.99990) =    40959 ns/op
p(0.99999) =   229375 ns/op
p(1.00000) =  3276799 ns/op
50.1 % of CPU usage

Ping throughput 10K:
2,000,000 ops
1,025,771,628 ns
1,949,751 ops/s
91.2 % of CPU usage
Tests run: 8, Failures: 0, Errors: 0, Skipped: 0, Time elapsed: 16.232 sec - in com.github.plokhotnyuk.actors.LiftActorSpec
Running com.github.plokhotnyuk.actors.MinimalistActorSpec
Executor service type: abq-thread-pool

Enqueueing:
40,000,000 ops
625,886,237 ns
63,909,377 ops/s
25.6 % of CPU usage
24 bytes per instance

Dequeueing:
40,000,000 ops
270,290,475 ns
147,988,936 ops/s
38.8 % of CPU usage

Initiation:
2,000,000 ops
1,392,367,091 ns
696 ns/op
50.5 % of CPU usage
24 bytes per instance

Single-producer sending:
15,000,000 ops
271,679,733 ns
55,212,068 ops/s
63.5 % of CPU usage

Multi-producer sending:
15,000,000 ops
351,829,823 ns
42,634,248 ops/s
93.1 % of CPU usage

Max throughput:
30,000,000 ops
285,393,501 ns
105,118,020 ops/s
94.6 % of CPU usage

Ping latency:
3,000,000 ops
2,569,214,195 ns
p(0.00000) =      105 ns/op
p(0.50000) =      204 ns/op
p(0.90000) =     1583 ns/op
p(0.99000) =    10175 ns/op
p(0.99900) =    10687 ns/op
p(0.99990) =    15935 ns/op
p(0.99999) =    52223 ns/op
p(1.00000) =  1433599 ns/op
40.2 % of CPU usage

Ping throughput 10K:
6,000,000 ops
2,691,255,168 ns
2,229,443 ops/s
52.5 % of CPU usage
Tests run: 8, Failures: 0, Errors: 0, Skipped: 0, Time elapsed: 16.789 sec - in com.github.plokhotnyuk.actors.MinimalistActorSpec
Running com.github.plokhotnyuk.actors.RaptorActorSpec
Executor service type: abq-thread-pool

Enqueueing:
4,000,000 ops
330,264,238 ns
12,111,514 ops/s
30.3 % of CPU usage
152 bytes per instance

Dequeueing:
1,000,000 ops
879,091,535 ns
1,137,537 ops/s
39.5 % of CPU usage

Initiation:
2,000,000 ops
71,565,487 ns
35 ns/op
48.9 % of CPU usage
80 bytes per instance

Single-producer sending:
1,500,000 ops
1,128,722,438 ns
1,328,936 ops/s
46.1 % of CPU usage

Max throughput:
2,000,000 ops
739,456,680 ns
2,704,688 ops/s
60.5 % of CPU usage

Ping latency:
2,000,000 ops
2,874,410,817 ns
p(0.00000) =      252 ns/op
p(0.50000) =      371 ns/op
p(0.90000) =     2079 ns/op
p(0.99000) =    11967 ns/op
p(0.99900) =    12479 ns/op
p(0.99990) =    19071 ns/op
p(0.99999) =    52991 ns/op
p(1.00000) =  2023423 ns/op
39.4 % of CPU usage

Ping throughput 10K:
2,000,000 ops
1,441,607,140 ns
1,387,340 ops/s
60.9 % of CPU usage
Tests run: 7, Failures: 0, Errors: 0, Skipped: 0, Time elapsed: 15.276 sec - in com.github.plokhotnyuk.actors.RaptorActorSpec
Running com.github.plokhotnyuk.actors.ScalaActorSpec
Executor service type: abq-thread-pool

Enqueueing:
20,000,000 ops
699,096,268 ns
28,608,363 ops/s
26.5 % of CPU usage
24 bytes per instance

Dequeueing:
300,000 ops
968,356,073 ns
309,803 ops/s
55.8 % of CPU usage

Initiation:
600,000 ops
777,846,573 ns
1,296 ns/op
57.9 % of CPU usage
224 bytes per instance

Single-producer sending:
300,000 ops
1,308,858,674 ns
229,207 ops/s
57.1 % of CPU usage

Multi-producer sending:
300,000 ops
1,191,787,160 ns
251,722 ops/s
54.1 % of CPU usage

Max throughput:
600,000 ops
930,326,618 ns
644,934 ops/s
85.5 % of CPU usage

Ping latency:
250,000 ops
1,566,264,576 ns
p(0.00000) =      776 ns/op
p(0.50000) =     7391 ns/op
p(0.90000) =     7871 ns/op
p(0.99000) =    17151 ns/op
p(0.99900) =    52479 ns/op
p(0.99990) =    99327 ns/op
p(0.99999) =   335871 ns/op
p(1.00000) =   831487 ns/op
56.0 % of CPU usage

Ping throughput 10K:
400,000 ops
712,198,542 ns
561,641 ops/s
96.9 % of CPU usage
Tests run: 8, Failures: 0, Errors: 0, Skipped: 0, Time elapsed: 14.075 sec - in com.github.plokhotnyuk.actors.ScalaActorSpec
Running com.github.plokhotnyuk.actors.ScalazActorSpec
Executor service type: abq-thread-pool

Enqueueing:
40,000,000 ops
624,375,188 ns
64,064,044 ops/s
25.6 % of CPU usage
24 bytes per instance

Dequeueing:
40,000,000 ops
230,789,840 ns
173,317,854 ops/s
39.0 % of CPU usage

Initiation:
10,000,000 ops
267,703,233 ns
26 ns/op
43.0 % of CPU usage
88 bytes per instance

Single-producer sending:
15,000,000 ops
256,349,899 ns
58,513,773 ops/s
64.4 % of CPU usage

Multi-producer sending:
15,000,000 ops
486,410,797 ns
30,838,131 ops/s
91.5 % of CPU usage

Max throughput:
30,000,000 ops
284,361,291 ns
105,499,591 ops/s
94.1 % of CPU usage

Ping latency:
3,000,000 ops
2,240,169,328 ns
p(0.00000) =      152 ns/op
p(0.50000) =      201 ns/op
p(0.90000) =     1487 ns/op
p(0.99000) =     9919 ns/op
p(0.99900) =    10559 ns/op
p(0.99990) =    16191 ns/op
p(0.99999) =    68607 ns/op
p(1.00000) =  4014079 ns/op
40.5 % of CPU usage

Ping throughput 10K:
6,000,000 ops
2,852,145,282 ns
2,103,679 ops/s
52.7 % of CPU usage
Tests run: 8, Failures: 0, Errors: 0, Skipped: 0, Time elapsed: 18.963 sec - in com.github.plokhotnyuk.actors.ScalazActorSpec

Results :

Tests run: 90, Failures: 0, Errors: 0, Skipped: 0

[INFO] ------------------------------------------------------------------------
[INFO] BUILD SUCCESS
[INFO] ------------------------------------------------------------------------
[INFO] Total time: 03:31 min
[INFO] Finished at: 2017-01-21T00:39:24+01:00
[INFO] Final Memory: 10M/2048M
[INFO] ------------------------------------------------------------------------
[INFO] Scanning for projects...
[INFO]                                                                         
[INFO] ------------------------------------------------------------------------
[INFO] Building Actors 1.0-SNAPSHOT
[INFO] ------------------------------------------------------------------------
[INFO] 
[INFO] --- maven-resources-plugin:2.6:resources (default-resources) @ actors ---
[INFO] Using 'UTF-8' encoding to copy filtered resources.
[INFO] skip non existing resourceDirectory /home/andriy/Projects/com/github/plokhotnyuk/actors/src/main/resources
[INFO] 
[INFO] --- maven-resources-plugin:2.6:testResources (default-testResources) @ actors ---
[INFO] Using 'UTF-8' encoding to copy filtered resources.
[INFO] skip non existing resourceDirectory /home/andriy/Projects/com/github/plokhotnyuk/actors/src/test/resources
[INFO] 
[INFO] --- scala-maven-plugin:3.2.2:testCompile (testCompile) @ actors ---
[WARNING]  Expected all dependencies to require Scala version: 2.11.8
[WARNING]  com.github.plokhotnyuk.actors:actors:1.0-SNAPSHOT requires scala version: 2.11.8
[WARNING]  com.propensive:rapture-core_2.11:2.0.0-M7 requires scala version: 2.11.8
[WARNING]  org.scala-lang:scala-compiler:2.11.8 requires scala version: 2.11.8
[WARNING]  org.scala-lang.modules:scala-xml_2.11:1.0.4 requires scala version: 2.11.4
[WARNING] Multiple versions of scala libraries detected!
[INFO] Nothing to compile - all classes are up to date
[INFO] 
[INFO] --- maven-surefire-plugin:2.19.1:test (default-test) @ actors ---

-------------------------------------------------------
 T E S T S
-------------------------------------------------------
Running com.github.plokhotnyuk.actors.AkkaBoundedActorSpec
Executor service type: lbq-thread-pool

Enqueueing:
10,000,000 ops
636,427,317 ns
15,712,713 ops/s
31.0 % of CPU usage
48 bytes per instance

Dequeueing:
10,000,000 ops
985,828,613 ns
10,143,751 ops/s
30.2 % of CPU usage

Initiation:
100,000 ops
1,046,061,874 ns
10,460 ns/op
78.6 % of CPU usage
608 bytes per instance

Single-producer sending:
6,000,000 ops
1,283,409,766 ns
4,675,046 ops/s
54.3 % of CPU usage

Multi-producer sending:
6,000,000 ops
1,114,781,188 ns
5,382,222 ops/s
45.7 % of CPU usage

Max throughput:
12,000,000 ops
816,218,100 ns
14,701,952 ops/s
98.0 % of CPU usage

Ping latency:
1,500,000 ops
2,649,907,083 ns
p(0.00000) =      344 ns/op
p(0.50000) =      555 ns/op
p(0.90000) =     6495 ns/op
p(0.99000) =    10175 ns/op
p(0.99900) =    10815 ns/op
p(0.99990) =    16639 ns/op
p(0.99999) =    52735 ns/op
p(1.00000) =  1826815 ns/op
40.0 % of CPU usage

Ping throughput 10K:
2,000,000 ops
1,158,503,170 ns
1,726,365 ops/s
95.2 % of CPU usage

Overflow throughput:
5,000,000 ops
935,416,162 ns
5,345,214 ops/s
32.6 % of CPU usage
Tests run: 9, Failures: 0, Errors: 0, Skipped: 0, Time elapsed: 22.336 sec - in com.github.plokhotnyuk.actors.AkkaBoundedActorSpec
Running com.github.plokhotnyuk.actors.AkkaMCNonBlockingBoundedActorSpec
Executor service type: lbq-thread-pool

Enqueueing:
10,000,000 ops
324,297,686 ns
30,835,866 ops/s
30.8 % of CPU usage
48 bytes per instance

Dequeueing:
10,000,000 ops
832,026,858 ns
12,018,842 ops/s
32.8 % of CPU usage

Initiation:
100,000 ops
1,048,847,262 ns
10,488 ns/op
76.3 % of CPU usage
424 bytes per instance

Single-producer sending:
6,000,000 ops
740,262,849 ns
8,105,229 ops/s
47.3 % of CPU usage

Multi-producer sending:
6,000,000 ops
884,776,499 ns
6,781,373 ops/s
61.9 % of CPU usage

Max throughput:
12,000,000 ops
576,574,305 ns
20,812,581 ops/s
95.4 % of CPU usage

Ping latency:
1,500,000 ops
1,640,173,280 ns
p(0.00000) =      288 ns/op
p(0.50000) =      435 ns/op
p(0.90000) =     2063 ns/op
p(0.99000) =    10047 ns/op
p(0.99900) =    10623 ns/op
p(0.99990) =    16895 ns/op
p(0.99999) =    81407 ns/op
p(1.00000) =  2310143 ns/op
43.0 % of CPU usage

Ping throughput 10K:
2,000,000 ops
1,190,522,908 ns
1,679,934 ops/s
93.7 % of CPU usage

Overflow throughput:
5,000,000 ops
530,860,244 ns
9,418,674 ops/s
35.3 % of CPU usage
Tests run: 9, Failures: 0, Errors: 0, Skipped: 0, Time elapsed: 18.183 sec - in com.github.plokhotnyuk.actors.AkkaMCNonBlockingBoundedActorSpec
Running com.github.plokhotnyuk.actors.AkkaMCUnboundedActorSpec
Executor service type: lbq-thread-pool

Enqueueing:
10,000,000 ops
322,579,736 ns
31,000,087 ops/s
30.2 % of CPU usage
48 bytes per instance

Dequeueing:
10,000,000 ops
837,912,656 ns
11,934,418 ops/s
32.2 % of CPU usage

Initiation:
100,000 ops
1,114,197,321 ns
11,141 ns/op
77.4 % of CPU usage
424 bytes per instance

Single-producer sending:
6,000,000 ops
779,199,332 ns
7,700,211 ops/s
45.9 % of CPU usage

Multi-producer sending:
6,000,000 ops
729,726,186 ns
8,222,262 ops/s
54.5 % of CPU usage

Max throughput:
12,000,000 ops
567,257,057 ns
21,154,430 ops/s
93.9 % of CPU usage

Ping latency:
1,500,000 ops
2,591,936,646 ns
p(0.00000) =      306 ns/op
p(0.50000) =      491 ns/op
p(0.90000) =     6431 ns/op
p(0.99000) =    10175 ns/op
p(0.99900) =    11071 ns/op
p(0.99990) =    16639 ns/op
p(0.99999) =    53503 ns/op
p(1.00000) =  4046847 ns/op
39.7 % of CPU usage

Ping throughput 10K:
2,000,000 ops
1,115,747,088 ns
1,792,520 ops/s
92.8 % of CPU usage
Tests run: 8, Failures: 0, Errors: 0, Skipped: 0, Time elapsed: 18.028 sec - in com.github.plokhotnyuk.actors.AkkaMCUnboundedActorSpec
Running com.github.plokhotnyuk.actors.AkkaSCONonBlockingBoundedActorSpec
Executor service type: lbq-thread-pool

Enqueueing:
10,000,000 ops
323,251,727 ns
30,935,642 ops/s
39.4 % of CPU usage
48 bytes per instance

Dequeueing:
10,000,000 ops
852,041,015 ns
11,736,524 ops/s
32.3 % of CPU usage

Initiation:
100,000 ops
1,024,086,863 ns
10,240 ns/op
81.8 % of CPU usage
445 bytes per instance

Single-producer sending:
6,000,000 ops
804,314,264 ns
7,459,770 ops/s
44.8 % of CPU usage

Multi-producer sending:
6,000,000 ops
965,295,092 ns
6,215,715 ops/s
70.4 % of CPU usage

Max throughput:
12,000,000 ops
577,487,613 ns
20,779,666 ops/s
97.4 % of CPU usage

Ping latency:
1,500,000 ops
2,191,080,813 ns
p(0.00000) =      280 ns/op
p(0.50000) =      413 ns/op
p(0.90000) =     5279 ns/op
p(0.99000) =     9983 ns/op
p(0.99900) =    10495 ns/op
p(0.99990) =    15999 ns/op
p(0.99999) =    52735 ns/op
p(1.00000) =   733183 ns/op
40.3 % of CPU usage

Ping throughput 10K:
2,000,000 ops
1,218,193,281 ns
1,641,775 ops/s
89.1 % of CPU usage

Overflow throughput:
5,000,000 ops
482,327,656 ns
10,366,397 ops/s
35.2 % of CPU usage
Tests run: 9, Failures: 0, Errors: 0, Skipped: 0, Time elapsed: 19.176 sec - in com.github.plokhotnyuk.actors.AkkaSCONonBlockingBoundedActorSpec
Running com.github.plokhotnyuk.actors.AkkaSCOUnboundedActorSpec
Executor service type: lbq-thread-pool

Enqueueing:
10,000,000 ops
293,561,420 ns
34,064,421 ops/s
34.1 % of CPU usage
48 bytes per instance

Dequeueing:
10,000,000 ops
827,957,514 ns
12,077,914 ops/s
29.0 % of CPU usage

Initiation:
100,000 ops
991,808,633 ns
9,918 ns/op
76.6 % of CPU usage
445 bytes per instance

Single-producer sending:
6,000,000 ops
703,990,730 ns
8,522,839 ops/s
42.3 % of CPU usage

Multi-producer sending:
6,000,000 ops
709,486,177 ns
8,456,824 ops/s
50.4 % of CPU usage

Max throughput:
12,000,000 ops
531,014,394 ns
22,598,257 ops/s
96.0 % of CPU usage

Ping latency:
1,500,000 ops
2,137,295,966 ns
p(0.00000) =      266 ns/op
p(0.50000) =      387 ns/op
p(0.90000) =     5119 ns/op
p(0.99000) =     9983 ns/op
p(0.99900) =    10751 ns/op
p(0.99990) =    15935 ns/op
p(0.99999) =    49663 ns/op
p(1.00000) =  2260991 ns/op
39.3 % of CPU usage

Ping throughput 10K:
2,000,000 ops
1,133,473,315 ns
1,764,487 ops/s
82.5 % of CPU usage
Tests run: 8, Failures: 0, Errors: 0, Skipped: 0, Time elapsed: 17.45 sec - in com.github.plokhotnyuk.actors.AkkaSCOUnboundedActorSpec
Running com.github.plokhotnyuk.actors.AkkaUnboundedActorSpec
Executor service type: lbq-thread-pool

Enqueueing:
10,000,000 ops
291,794,360 ns
34,270,710 ops/s
31.7 % of CPU usage
48 bytes per instance

Dequeueing:
10,000,000 ops
950,653,372 ns
10,519,081 ops/s
30.0 % of CPU usage

Initiation:
100,000 ops
1,029,682,435 ns
10,296 ns/op
77.2 % of CPU usage
424 bytes per instance

Single-producer sending:
6,000,000 ops
786,735,444 ns
7,626,451 ops/s
45.8 % of CPU usage

Multi-producer sending:
6,000,000 ops
950,715,306 ns
6,311,037 ops/s
66.0 % of CPU usage

Max throughput:
12,000,000 ops
684,247,335 ns
17,537,518 ops/s
95.0 % of CPU usage

Ping latency:
1,500,000 ops
2,325,209,721 ns
p(0.00000) =      288 ns/op
p(0.50000) =      481 ns/op
p(0.90000) =     5407 ns/op
p(0.99000) =    10175 ns/op
p(0.99900) =    10879 ns/op
p(0.99990) =    16191 ns/op
p(0.99999) =    53503 ns/op
p(1.00000) =   288767 ns/op
40.4 % of CPU usage

Ping throughput 10K:
2,000,000 ops
1,391,821,788 ns
1,436,965 ops/s
91.2 % of CPU usage
Tests run: 8, Failures: 0, Errors: 0, Skipped: 0, Time elapsed: 18.787 sec - in com.github.plokhotnyuk.actors.AkkaUnboundedActorSpec
Running com.github.plokhotnyuk.actors.LiftActorSpec
Executor service type: lbq-thread-pool

Enqueueing:
10,000,000 ops
376,612,737 ns
26,552,474 ops/s
26.6 % of CPU usage
24 bytes per instance

Dequeueing:
10,000,000 ops
410,820,322 ns
24,341,541 ops/s
29.8 % of CPU usage

Initiation:
10,000,000 ops
672,611,085 ns
67 ns/op
32.3 % of CPU usage
72 bytes per instance

Single-producer sending:
6,000,000 ops
478,225,462 ns
12,546,383 ops/s
55.9 % of CPU usage

Multi-producer sending:
6,000,000 ops
594,348,892 ns
10,095,080 ops/s
58.5 % of CPU usage

Max throughput:
12,000,000 ops
475,441,027 ns
25,239,723 ops/s
94.6 % of CPU usage

Ping latency:
1,500,000 ops
3,067,811,012 ns
p(0.00000) =      482 ns/op
p(0.50000) =     1135 ns/op
p(0.90000) =     3919 ns/op
p(0.99000) =    10303 ns/op
p(0.99900) =    14847 ns/op
p(0.99990) =    37887 ns/op
p(0.99999) =   103423 ns/op
p(1.00000) =  2244607 ns/op
49.7 % of CPU usage

Ping throughput 10K:
2,000,000 ops
907,432,009 ns
2,204,021 ops/s
90.9 % of CPU usage
Tests run: 8, Failures: 0, Errors: 0, Skipped: 0, Time elapsed: 15.975 sec - in com.github.plokhotnyuk.actors.LiftActorSpec
Running com.github.plokhotnyuk.actors.MinimalistActorSpec
Executor service type: lbq-thread-pool

Enqueueing:
40,000,000 ops
633,995,064 ns
63,091,973 ops/s
25.6 % of CPU usage
24 bytes per instance

Dequeueing:
40,000,000 ops
274,296,676 ns
145,827,505 ops/s
38.3 % of CPU usage

Initiation:
2,000,000 ops
1,028,967,787 ns
514 ns/op
59.5 % of CPU usage
24 bytes per instance

Single-producer sending:
15,000,000 ops
278,340,370 ns
53,890,853 ops/s
77.2 % of CPU usage

Multi-producer sending:
15,000,000 ops
459,760,066 ns
32,625,713 ops/s
92.4 % of CPU usage

Max throughput:
30,000,000 ops
264,398,229 ns
113,465,207 ops/s
96.4 % of CPU usage

Ping latency:
3,000,000 ops
1,487,511,146 ns
p(0.00000) =      119 ns/op
p(0.50000) =      254 ns/op
p(0.90000) =     1583 ns/op
p(0.99000) =     2095 ns/op
p(0.99900) =     2367 ns/op
p(0.99990) =     7455 ns/op
p(0.99999) =    28415 ns/op
p(1.00000) =  2342911 ns/op
48.2 % of CPU usage

Ping throughput 10K:
6,000,000 ops
2,678,285,622 ns
2,240,239 ops/s
65.1 % of CPU usage
Tests run: 8, Failures: 0, Errors: 0, Skipped: 0, Time elapsed: 15.548 sec - in com.github.plokhotnyuk.actors.MinimalistActorSpec
Running com.github.plokhotnyuk.actors.RaptorActorSpec
Executor service type: lbq-thread-pool

Enqueueing:
4,000,000 ops
303,694,782 ns
13,171,118 ops/s
30.5 % of CPU usage
152 bytes per instance

Dequeueing:
1,000,000 ops
360,224,040 ns
2,776,050 ops/s
48.6 % of CPU usage

Initiation:
2,000,000 ops
78,116,179 ns
39 ns/op
48.0 % of CPU usage
80 bytes per instance

Single-producer sending:
1,500,000 ops
630,742,650 ns
2,378,148 ops/s
54.3 % of CPU usage

Max throughput:
2,000,000 ops
803,821,345 ns
2,488,115 ops/s
71.2 % of CPU usage

Ping latency:
2,000,000 ops
3,769,534,011 ns
p(0.00000) =      253 ns/op
p(0.50000) =      507 ns/op
p(0.90000) =     9791 ns/op
p(0.99000) =    10623 ns/op
p(0.99900) =    11199 ns/op
p(0.99990) =    18047 ns/op
p(0.99999) =    62463 ns/op
p(1.00000) =   462847 ns/op
39.0 % of CPU usage

Ping throughput 10K:
2,000,000 ops
884,573,481 ns
2,260,976 ops/s
81.7 % of CPU usage
Tests run: 7, Failures: 0, Errors: 0, Skipped: 0, Time elapsed: 14.722 sec - in com.github.plokhotnyuk.actors.RaptorActorSpec
Running com.github.plokhotnyuk.actors.ScalaActorSpec
Executor service type: lbq-thread-pool

Enqueueing:
20,000,000 ops
697,159,805 ns
28,687,827 ops/s
26.5 % of CPU usage
24 bytes per instance

Dequeueing:
300,000 ops
1,082,807,018 ns
277,057 ops/s
58.2 % of CPU usage

Initiation:
600,000 ops
577,380,202 ns
962 ns/op
81.4 % of CPU usage
268 bytes per instance

Single-producer sending:
300,000 ops
1,235,654,398 ns
242,786 ops/s
58.3 % of CPU usage

Multi-producer sending:
300,000 ops
1,139,836,758 ns
263,195 ops/s
55.5 % of CPU usage

Max throughput:
600,000 ops
654,029,951 ns
917,389 ops/s
94.0 % of CPU usage

Ping latency:
250,000 ops
1,262,807,664 ns
p(0.00000) =      912 ns/op
p(0.50000) =     4255 ns/op
p(0.90000) =     8383 ns/op
p(0.99000) =    16639 ns/op
p(0.99900) =    45567 ns/op
p(0.99990) =    86527 ns/op
p(0.99999) =   245759 ns/op
p(1.00000) =  4816895 ns/op
69.1 % of CPU usage

Ping throughput 10K:
400,000 ops
796,336,452 ns
502,300 ops/s
94.8 % of CPU usage
Tests run: 8, Failures: 0, Errors: 0, Skipped: 0, Time elapsed: 13.583 sec - in com.github.plokhotnyuk.actors.ScalaActorSpec
Running com.github.plokhotnyuk.actors.ScalazActorSpec
Executor service type: lbq-thread-pool

Enqueueing:
40,000,000 ops
630,707,412 ns
63,420,849 ops/s
25.4 % of CPU usage
24 bytes per instance

Dequeueing:
40,000,000 ops
230,522,587 ns
173,518,788 ops/s
39.0 % of CPU usage

Initiation:
10,000,000 ops
276,326,325 ns
27 ns/op
43.4 % of CPU usage
88 bytes per instance

Single-producer sending:
15,000,000 ops
257,205,045 ns
58,319,229 ops/s
63.2 % of CPU usage

Multi-producer sending:
15,000,000 ops
459,438,843 ns
32,648,523 ops/s
93.6 % of CPU usage

Max throughput:
30,000,000 ops
307,711,168 ns
97,494,024 ops/s
97.5 % of CPU usage

Ping latency:
3,000,000 ops
1,345,668,298 ns
p(0.00000) =      135 ns/op
p(0.50000) =      240 ns/op
p(0.90000) =     1551 ns/op
p(0.99000) =     2031 ns/op
p(0.99900) =     2335 ns/op
p(0.99990) =     7583 ns/op
p(0.99999) =    30847 ns/op
p(1.00000) =  1204223 ns/op
49.0 % of CPU usage

Ping throughput 10K:
6,000,000 ops
2,430,389,421 ns
2,468,740 ops/s
63.4 % of CPU usage
Tests run: 8, Failures: 0, Errors: 0, Skipped: 0, Time elapsed: 17.68 sec - in com.github.plokhotnyuk.actors.ScalazActorSpec

Results :

Tests run: 90, Failures: 0, Errors: 0, Skipped: 0

[INFO] ------------------------------------------------------------------------
[INFO] BUILD SUCCESS
[INFO] ------------------------------------------------------------------------
[INFO] Total time: 03:23 min
[INFO] Finished at: 2017-01-21T00:42:49+01:00
[INFO] Final Memory: 10M/2048M
[INFO] ------------------------------------------------------------------------
